<?xml version="1.0" encoding="utf-8"?><testsuites name="pytest tests"><testsuite name="pytest" errors="0" failures="0" skipped="0" tests="53" time="0.736" timestamp="2026-07-29T01:13:48.977473+07:00" hostname="SnailCute"><testcase classname="tests.test_calibration_seal" name="test_real_fixture_file_is_loaded_and_verified" time="0.006" /><testcase classname="tests.test_calibration_seal" name="test_hash_string_without_loaded_artifact_cannot_open_frozen_mode" time="0.006" /><testcase classname="tests.test_calibration_seal" name="test_all_zero_dataset_hash_rejects" time="0.008" /><testcase classname="tests.test_calibration_seal" name="test_tampered_canonical_hash_rejects" time="0.004" /><testcase classname="tests.test_calibration_seal" name="test_unknown_feature_rejects" time="0.009" /><testcase classname="tests.test_calibration_seal" name="test_threshold_dataset_and_gate_bindings_reject_drift" time="0.015" /><testcase classname="tests.test_candidate_join" name="test_context_candidate_join_mismatch_rejects[candidate_id-candidate-other]" time="0.008" /><testcase classname="tests.test_candidate_join" name="test_context_candidate_join_mismatch_rejects[candidate_version-2]" time="0.008" /><testcase classname="tests.test_candidate_join" name="test_context_candidate_join_mismatch_rejects[sense_id-sense-other]" time="0.009" /><testcase classname="tests.test_candidate_join" name="test_context_candidate_join_mismatch_rejects[scope_id-scope-other]" time="0.011" /><testcase classname="tests.test_candidate_join" name="test_context_candidate_join_mismatch_rejects[dataset_manifest_sha256-ffffffffffffffffffffffffffffffffffffffffffffffffffffffffffffffff]" time="0.010" /><testcase classname="tests.test_candidate_join" name="test_context_candidate_join_mismatch_rejects[effective_sense_contract_sha256-eeeeeeeeeeeeeeeeeeeeeeeeeeeeeeeeeeeeeeeeeeeeeeeeeeeeeeeeeeeeeeee]" time="0.011" /><testcase classname="tests.test_candidate_join" name="test_input_contract_hash_mismatch_rejects" time="0.011" /><testcase classname="tests.test_candidate_join" name="test_nested_package_tamper_rejects_before_join" time="0.011" /><testcase classname="tests.test_certificate_binding" name="test_auto_approved_certificate_is_complete" time="0.006" /><testcase classname="tests.test_certificate_binding" name="test_provisional_certificate_can_omit_calibration_hash" time="0.007" /><testcase classname="tests.test_certificate_binding" name="test_nonissuable_status_rejects[HUMAN_REVIEW]" time="0.007" /><testcase classname="tests.test_certificate_binding" name="test_nonissuable_status_rejects[REJECTED]" time="0.009" /><testcase classname="tests.test_certificate_binding" name="test_nonissuable_status_rejects[SPLIT_REQUIRED]" time="0.008" /><testcase classname="tests.test_certificate_binding" name="test_missing_decision_binding_rejects" time="0.008" /><testcase classname="tests.test_certificate_binding" name="test_evidence_summary_hash_drift_rejects" time="0.007" /><testcase classname="tests.test_certificate_binding" name="test_effective_sense_binding_drift_rejects" time="0.007" /><testcase classname="tests.test_certificate_binding" name="test_tac_rejects_legacy_incomplete_certificate" time="0.008" /><testcase classname="tests.test_dataset_mapping_fixtures" name="test_mapping_requires_explicit_hash_bindings" time="0.001" /><testcase classname="tests.test_dataset_mapping_fixtures" name="test_mapping_rejects_record_identity_drift" time="0.001" /><testcase classname="tests.test_dataset_mapping_fixtures" name="test_real_dataset_mapping_smoke[d2l_context_support_set_validation_ready_v3]" time="0.021" /><testcase classname="tests.test_dataset_mapping_fixtures" name="test_real_dataset_mapping_smoke[pilot_dev_only_v1_1]" time="0.002" /><testcase classname="tests.test_dataset_mapping_fixtures" name="test_runtime_mapper_contains_no_dataset_path_constant" time="0.001" /><testcase classname="tests.test_development_mode" name="test_development_provisional_without_certificate_is_valid" time="0.009" /><testcase classname="tests.test_development_mode" name="test_development_cannot_auto_approve" time="0.007" /><testcase classname="tests.test_development_mode" name="test_development_cannot_emit_certificate_reference" time="0.007" /><testcase classname="tests.test_gate_invariants" name="test_three_v11_gates_are_schema_valid" time="0.005" /><testcase classname="tests.test_gate_invariants" name="test_trigger_action_invariants[False-FATAL_REJECT-non-triggered gate must use action NONE]" time="0.005" /><testcase classname="tests.test_gate_invariants" name="test_trigger_action_invariants[True-NONE-triggered gate cannot use action NONE]" time="0.005" /><testcase classname="tests.test_gate_invariants" name="test_gate_severity_alias_is_rejected" time="0.005" /><testcase classname="tests.test_gate_invariants" name="test_gate_precedence_resolves_to_allowed_decision[FATAL_SPLIT-SPLIT_REQUIRED]" time="0.006" /><testcase classname="tests.test_gate_invariants" name="test_gate_precedence_resolves_to_allowed_decision[FATAL_REJECT-REJECTED]" time="0.006" /><testcase classname="tests.test_gate_invariants" name="test_gate_precedence_resolves_to_allowed_decision[ESCALATE_HUMAN-HUMAN_REVIEW]" time="0.006" /><testcase classname="tests.test_gate_invariants" name="test_gate_precedence_resolves_to_allowed_decision[CAP_PROVISIONAL-PROVISIONAL]" time="0.006" /><testcase classname="tests.test_gate_invariants" name="test_fatal_split_has_highest_precedence" time="0.012" /><testcase classname="tests.test_migration_v1_0_to_v1_1" name="test_every_valid_v10_fixture_migrates_deterministically" time="0.075" /><testcase classname="tests.test_migration_v1_0_to_v1_1" name="test_checked_in_migration_reports_bind_exact_outputs" time="0.005" /><testcase classname="tests.test_migration_v1_0_to_v1_1" name="test_second_migration_is_explicitly_rejected" time="0.001" /><testcase classname="tests.test_migration_v1_0_to_v1_1" name="test_migrated_calibration_preserves_model_but_is_not_frozen_eligible" time="0.005" /><testcase classname="tests.test_migration_v1_0_to_v1_1" name="test_legacy_incomplete_certificate_is_not_natively_issuable" time="0.009" /><testcase classname="tests.test_schema_validation" name="test_all_native_v11_examples_validate" time="0.071" /><testcase classname="tests.test_schema_validation" name="test_all_legacy_v10_examples_remain_byte_compatible" time="0.064" /><testcase classname="tests.test_schema_validation" name="test_legacy_decision_does_not_require_v11_feature_registry" time="0.011" /><testcase classname="tests.test_schema_validation" name="test_all_invalid_v11_examples_reject" time="0.040" /><testcase classname="tests.test_schema_validation" name="test_current_schema_alias_is_byte_identical" time="0.003" /><testcase classname="tests.test_schema_validation" name="test_canonical_serialized_names_are_locked" time="0.001" /><testcase classname="tests.test_schema_validation" name="test_package_manifest_is_complete" time="0.052" /><testcase classname="tests.test_schema_validation" name="test_package_manifest_excludes_tool_caches" time="0.009" /></testsuite></testsuites>