<?xml version="1.0" encoding="utf-8"?><testsuites name="pytest tests"><testsuite name="pytest" errors="0" failures="0" skipped="0" tests="75" time="51.770" timestamp="2026-07-30T06:45:51.863482+07:00" hostname="SnailCute"><testcase classname="vietnamese_attestation.v1.tests.test_cli_and_boundaries" name="test_offline_cli_writes_a_valid_non_authoritative_package" time="0.353" /><testcase classname="vietnamese_attestation.v1.tests.test_cli_and_boundaries" name="test_vietnamese_attestation_does_not_import_context_substitution" time="0.256" /><testcase classname="vietnamese_attestation.v1.tests.test_cli_and_boundaries" name="test_concern_directories_remain_split" time="0.013" /><testcase classname="vietnamese_attestation.v1.tests.test_contracts" name="test_public_facade_exposes_versioned_input_and_output_contracts" time="0.001" /><testcase classname="vietnamese_attestation.v1.tests.test_contracts" name="test_frozen_candidate_is_hash_bound" time="0.002" /><testcase classname="vietnamese_attestation.v1.tests.test_contracts" name="test_frozen_candidate_rejects_surface_drift" time="0.001" /><testcase classname="vietnamese_attestation.v1.tests.test_contracts" name="test_frozen_candidate_rejects_unknown_fields" time="0.001" /><testcase classname="vietnamese_attestation.v1.tests.test_controlled_registry" name="test_empty_dataset_registry_is_bound_and_blocked_honestly" time="0.004" /><testcase classname="vietnamese_attestation.v1.tests.test_controlled_registry" name="test_nonempty_minimum_registry_stays_blocked_until_schema_freeze" time="0.014" /><testcase classname="vietnamese_attestation.v1.tests.test_controlled_registry" name="test_registry_rejects_hash_drift_and_malformed_identity" time="0.015" /><testcase classname="vietnamese_attestation.v1.tests.test_controlled_registry" name="test_registry_rejects_duplicate_keys_at_any_object_depth" time="0.025" /><testcase classname="vietnamese_attestation.v1.tests.test_controlled_registry" name="test_registry_preserves_nonfinite_and_trailing_garbage_rejection[{&quot;source_id&quot;:NaN}\n]" time="0.013" /><testcase classname="vietnamese_attestation.v1.tests.test_controlled_registry" name="test_registry_preserves_nonfinite_and_trailing_garbage_rejection[{&quot;source_id&quot;:&quot;source-1&quot;} trailing\n]" time="0.014" /><testcase classname="vietnamese_attestation.v1.tests.test_engine" name="test_strong_attestation_collapses_duplicate_echo" time="0.012" /><testcase classname="vietnamese_attestation.v1.tests.test_engine" name="test_wrong_sense_is_not_retried_or_accepted" time="0.009" /><testcase classname="vietnamese_attestation.v1.tests.test_engine" name="test_related_concept_is_supporting_but_not_accepted" time="0.007" /><testcase classname="vietnamese_attestation.v1.tests.test_engine" name="test_exhausted_judge_routes_is_unjudgeable_not_negative" time="0.005" /><testcase classname="vietnamese_attestation.v1.tests.test_engine" name="test_package_hash_rejects_tampering" time="0.011" /><testcase classname="vietnamese_attestation.v1.tests.test_engine" name="test_search_failure_is_reported_without_fabricating_evidence" time="0.005" /><testcase classname="vietnamese_attestation.v1.tests.test_engine" name="test_unexpected_extraction_failure_is_not_silenced" time="0.005" /><testcase classname="vietnamese_attestation.v1.tests.test_judge_routes" name="test_router_falls_back_only_for_transport_or_schema_failures" time="0.001" /><testcase classname="vietnamese_attestation.v1.tests.test_judge_routes" name="test_valid_negative_semantic_result_does_not_fallback" time="0.001" /><testcase classname="vietnamese_attestation.v1.tests.test_judge_routes" name="test_hallucinated_evidence_span_falls_back_as_schema_failure" time="0.001" /><testcase classname="vietnamese_attestation.v1.tests.test_judge_routes" name="test_three_live_route_shapes_are_supported_without_network" time="0.002" /><testcase classname="vietnamese_attestation.v1.tests.test_post_zero_api_readiness" name="test_r2_authority_and_zero_api_artifact_verify_without_provider_calls" time="3.975" /><testcase classname="vietnamese_attestation.v1.tests.test_post_zero_api_readiness" name="test_strict_persisted_decoder_rejects_ambiguous_json" time="1.931" /><testcase classname="vietnamese_attestation.v1.tests.test_post_zero_api_readiness" name="test_manifest_refs_reject_unsafe_and_case_confusable_paths" time="3.217" /><testcase classname="vietnamese_attestation.v1.tests.test_post_zero_api_readiness" name="test_provider_ledger_duplicate_key_is_rejected" time="0.733" /><testcase classname="vietnamese_attestation.v1.tests.test_post_zero_api_readiness" name="test_artifact_symlink_is_rejected_when_supported" time="0.377" /><testcase classname="vietnamese_attestation.v1.tests.test_post_zero_api_readiness" name="test_junit_gate_rejects_missing_empty_red_wrong_and_unrelated_reports" time="0.139" /><testcase classname="vietnamese_attestation.v1.tests.test_post_zero_api_readiness" name="test_r2_authority_and_zero_api_tamper_fail_closed" time="3.427" /><testcase classname="vietnamese_attestation.v1.tests.test_post_zero_api_readiness" name="test_r2_authority_rejects_nonrelease_and_arbitrary_release_drift" time="5.498" /><testcase classname="vietnamese_attestation.v1.tests.test_post_zero_api_readiness" name="test_post_zero_api_release_is_commit_bound_cache_free_and_honest" time="18.475" /><testcase classname="vietnamese_attestation.v1.tests.test_real_dataset_adapter" name="test_public_facade_exposes_real_dataset_adapter" time="0.001" /><testcase classname="vietnamese_attestation.v1.tests.test_real_dataset_adapter" name="test_real_v3_maps_exact_candidate_and_sense_identities" time="1.484" /><testcase classname="vietnamese_attestation.v1.tests.test_real_dataset_adapter" name="test_real_pilot_binds_v3_parent_and_keeps_authority_unavailable" time="0.325" /><testcase classname="vietnamese_attestation.v1.tests.test_real_dataset_adapter" name="test_pilot_rejects_missing_parent_v3" time="0.010" /><testcase classname="vietnamese_attestation.v1.tests.test_real_dataset_adapter" name="test_modified_source_zip_rejects_before_normalization" time="0.019" /><testcase classname="vietnamese_attestation.v1.tests.test_real_dataset_adapter" name="test_zip_member_paths_fail_closed[names0-unsafe_zip_name]" time="0.001" /><testcase classname="vietnamese_attestation.v1.tests.test_real_dataset_adapter" name="test_zip_member_paths_fail_closed[names1-unsafe_zip_name]" time="0.001" /><testcase classname="vietnamese_attestation.v1.tests.test_real_dataset_adapter" name="test_zip_member_paths_fail_closed[names2-unsafe_zip_name]" time="0.001" /><testcase classname="vietnamese_attestation.v1.tests.test_real_dataset_adapter" name="test_zip_member_paths_fail_closed[names3-unsafe_zip_name]" time="0.001" /><testcase classname="vietnamese_attestation.v1.tests.test_real_dataset_adapter" name="test_zip_member_paths_fail_closed[names4-case_confusable_zip_name]" time="0.002" /><testcase classname="vietnamese_attestation.v1.tests.test_real_dataset_adapter" name="test_adapter_package_hash_rejects_identity_tampering" time="0.003" /><testcase classname="vietnamese_attestation.v1.tests.test_real_dataset_adapter" name="test_zero_api_cli_writes_pilot_package_and_receipt" time="0.332" /><testcase classname="vietnamese_attestation.v1.tests.test_retrieval_evidence" name="test_url_canonicalization_removes_tracking_only" time="0.001" /><testcase classname="vietnamese_attestation.v1.tests.test_retrieval_evidence" name="test_candidate_span_builds_exact_mask" time="0.001" /><testcase classname="vietnamese_attestation.v1.tests.test_retrieval_evidence" name="test_duplicate_echo_collapses_but_same_organization_does_not" time="0.001" /><testcase classname="vietnamese_attestation.v1.tests.test_retrieval_evidence" name="test_http_fetch_retries_timeout_and_caches_success" time="0.016" /><testcase classname="vietnamese_attestation.v1.tests.test_retrieval_evidence" name="test_host_rate_limiter_waits_only_for_same_host" time="0.001" /><testcase classname="vietnamese_attestation.v1.tests.test_retrieval_evidence" name="test_search_retries_transient_timeout" time="0.001" /><testcase classname="vietnamese_attestation.v1.tests.test_shared_contract_bridge" name="test_shared_frozen_candidate_adapts_without_changing_join_key" time="0.017" /><testcase classname="vietnamese_attestation.v1.tests.test_shared_contract_bridge" name="test_shared_contract_tamper_fails_before_engine" time="0.011" /><testcase classname="vietnamese_attestation.v1.tests.test_shared_contract_bridge" name="test_v11_input_binding_tamper_fails_even_with_valid_self_hash" time="0.011" /><testcase classname="vietnamese_attestation.v1.tests.test_shared_contract_bridge" name="test_shared_candidate_version_uses_shared_string_limit" time="0.013" /><testcase classname="vietnamese_attestation.v1.tests.test_shared_contract_bridge" name="test_internal_package_projects_to_shared_attestation_contract" time="0.072" /><testcase classname="vietnamese_attestation.v1.tests.test_shared_contract_bridge" name="test_semantic_negative_asserts_concept_mismatch_without_fallback" time="0.065" /><testcase classname="vietnamese_attestation.v1.tests.test_shared_contract_bridge" name="test_same_and_different_evidence_asserts_contradiction" time="0.082" /><testcase classname="vietnamese_attestation.v1.tests.test_shared_contract_bridge" name="test_weak_and_unjudgeable_packages_assert_evidence_gates" time="0.095" /><testcase classname="vietnamese_attestation.v1.tests.test_shared_contract_bridge" name="test_projection_rejects_foreign_internal_candidate" time="0.045" /><testcase classname="vietnamese_attestation.v1.tests.test_shared_contract_bridge" name="test_shared_gate_signal_tamper_rejects_after_valid_reseal" time="0.072" /><testcase classname="vietnamese_attestation.v1.tests.test_shared_contract_bridge" name="test_cli_accepts_shared_input_and_preserves_internal_replay" time="0.217" /><testcase classname="vietnamese_attestation.v1.tests.test_v11_rework" name="test_general_word_cannot_be_attested" time="0.010" /><testcase classname="vietnamese_attestation.v1.tests.test_v11_rework" name="test_attested_without_accepted_evidence_is_rejected" time="0.008" /><testcase classname="vietnamese_attestation.v1.tests.test_v11_rework" name="test_machine_translation_exclusion_policy_is_explicit" time="0.010" /><testcase classname="vietnamese_attestation.v1.tests.test_v11_rework" name="test_span_yield_prevents_full_coverage" time="0.025" /><testcase classname="vietnamese_attestation.v1.tests.test_v11_rework" name="test_unknown_pdf_is_not_promoted_to_tier_b" time="0.002" /><testcase classname="vietnamese_attestation.v1.tests.test_v11_rework" name="test_cache_preserves_original_retrieved_at" time="0.023" /><testcase classname="vietnamese_attestation.v1.tests.test_v11_rework" name="test_each_execution_has_unique_id_but_stable_spec" time="0.011" /><testcase classname="vietnamese_attestation.v1.tests.test_v11_rework" name="test_file_audit_store_keeps_terminal_urls_and_invalid_judge_raw" time="0.288" /><testcase classname="vietnamese_attestation.v1.tests.test_v11_rework" name="test_main_content_excludes_navigation_only_candidate" time="0.002" /><testcase classname="vietnamese_attestation.v1.tests.test_v11_rework" name="test_non_vietnamese_page_is_not_sent_to_judge" time="0.111" /><testcase classname="vietnamese_attestation.v1.tests.test_v11_rework" name="test_min_words_is_enforced" time="0.001" /><testcase classname="vietnamese_attestation.v1.tests.test_zero_api_pilot" name="test_real_pilot_runs_all_15_candidates_without_external_api" time="3.540" /><testcase classname="vietnamese_attestation.v1.tests.test_zero_api_pilot" name="test_zero_api_pilot_is_deterministic_and_replay_detects_tamper" time="5.876" /></testsuite></testsuites>