<?xml version="1.0" encoding="utf-8"?><testsuites name="pytest tests"><testsuite name="pytest" errors="0" failures="0" skipped="0" tests="79" time="77.377" timestamp="2026-07-30T06:45:51.682775+07:00" hostname="SnailCute"><testcase classname="context_substitution.v2.tests.test_core_contracts" name="test_real_v3_bundle_validates_all_rows" time="0.715" /><testcase classname="context_substitution.v2.tests.test_core_contracts" name="test_zip_traversal_and_unbound_bytes_reject" time="0.043" /><testcase classname="context_substitution.v2.tests.test_core_contracts" name="test_real_v3_requires_split_and_adapts_development" time="0.923" /><testcase classname="context_substitution.v2.tests.test_core_contracts" name="test_adapter_receipt_rejects_self_consistent_shape_tamper" time="0.341" /><testcase classname="context_substitution.v2.tests.test_core_contracts" name="test_calibration_requires_nonzero_self_hashed_artifact" time="0.001" /><testcase classname="context_substitution.v2.tests.test_core_contracts" name="test_provider_response_ledger_is_content_addressed" time="0.034" /><testcase classname="context_substitution.v2.tests.test_core_contracts" name="test_pinned_non_gemini_model_is_allowed_but_latest_alias_is_not" time="0.001" /><testcase classname="context_substitution.v2.tests.test_core_contracts" name="test_development_input_cannot_smuggle_reviewed_selection" time="0.310" /><testcase classname="context_substitution.v2.tests.test_core_contracts" name="test_incomplete_context_support_cannot_become_globally_eligible[MISSING_CONTRASTIVE_CONTEXT]" time="0.001" /><testcase classname="context_substitution.v2.tests.test_core_contracts" name="test_incomplete_context_support_cannot_become_globally_eligible[INCOMPLETE_CONTEXT_TYPE_COVERAGE]" time="0.001" /><testcase classname="context_substitution.v2.tests.test_integration_readiness" name="test_standalone_cli_exposes_required_commands" time="0.006" /><testcase classname="context_substitution.v2.tests.test_integration_readiness" name="test_strict_json_rejects_ambiguous_persisted_values[{&quot;key&quot;:1,&quot;key&quot;:2}]" time="0.001" /><testcase classname="context_substitution.v2.tests.test_integration_readiness" name="test_strict_json_rejects_ambiguous_persisted_values[{&quot;outer&quot;:{&quot;key&quot;:1,&quot;key&quot;:2}}]" time="0.001" /><testcase classname="context_substitution.v2.tests.test_integration_readiness" name="test_strict_json_rejects_ambiguous_persisted_values[{&quot;value&quot;:NaN}]" time="0.001" /><testcase classname="context_substitution.v2.tests.test_integration_readiness" name="test_strict_json_rejects_ambiguous_persisted_values[{&quot;value&quot;:Infinity}]" time="0.001" /><testcase classname="context_substitution.v2.tests.test_integration_readiness" name="test_strict_json_rejects_ambiguous_persisted_values[{&quot;value&quot;:-Infinity}]" time="0.001" /><testcase classname="context_substitution.v2.tests.test_integration_readiness" name="test_strict_json_rejects_ambiguous_persisted_values[{&quot;value&quot;:1e9999}]" time="0.001" /><testcase classname="context_substitution.v2.tests.test_integration_readiness" name="test_strict_json_rejects_ambiguous_persisted_values[{&quot;value&quot;:1} trailing]" time="0.001" /><testcase classname="context_substitution.v2.tests.test_integration_readiness" name="test_strict_json_rejects_ambiguous_persisted_values[[1,2,3]]" time="0.001" /><testcase classname="context_substitution.v2.tests.test_integration_readiness" name="test_real_pilot_directory_and_zip_zero_api_equivalence" time="3.242" /><testcase classname="context_substitution.v2.tests.test_integration_readiness" name="test_fake_provider_covers_all_required_scenarios" time="22.259" /><testcase classname="context_substitution.v2.tests.test_integration_readiness" name="test_provider_ledger_has_audit_fields_and_replays_exactly" time="0.009" /><testcase classname="context_substitution.v2.tests.test_integration_readiness" name="test_provider_ledger_manifest_seals_the_complete_event_sequence" time="0.844" /><testcase classname="context_substitution.v2.tests.test_integration_readiness" name="test_raw_response_tamper_breaks_replay" time="1.319" /><testcase classname="context_substitution.v2.tests.test_integration_readiness" name="test_direct_replay_rejects_full_ledger_contract_drift[extra_capture]" time="1.511" /><testcase classname="context_substitution.v2.tests.test_integration_readiness" name="test_direct_replay_rejects_full_ledger_contract_drift[orphan_capture]" time="1.888" /><testcase classname="context_substitution.v2.tests.test_integration_readiness" name="test_direct_replay_rejects_full_ledger_contract_drift[missing_capture]" time="1.674" /><testcase classname="context_substitution.v2.tests.test_integration_readiness" name="test_direct_replay_rejects_full_ledger_contract_drift[reordered_capture]" time="1.866" /><testcase classname="context_substitution.v2.tests.test_integration_readiness" name="test_direct_replay_rejects_full_ledger_contract_drift[all_captures_first]" time="2.123" /><testcase classname="context_substitution.v2.tests.test_integration_readiness" name="test_direct_replay_rejects_full_ledger_contract_drift[capture_cross_boundary]" time="1.857" /><testcase classname="context_substitution.v2.tests.test_integration_readiness" name="test_direct_replay_rejects_full_ledger_contract_drift[attempt_drift]" time="0.585" /><testcase classname="context_substitution.v2.tests.test_integration_readiness" name="test_provider_ledger_rejects_unknown_record_fields[RAW_RESPONSE_CAPTURED]" time="0.608" /><testcase classname="context_substitution.v2.tests.test_integration_readiness" name="test_provider_ledger_rejects_unknown_record_fields[PROVIDER_ATTEMPT]" time="0.550" /><testcase classname="context_substitution.v2.tests.test_integration_readiness" name="test_replay_rejects_event_sequence_manifest_drift" time="2.432" /><testcase classname="context_substitution.v2.tests.test_integration_readiness" name="test_replay_rejects_manifest_from_a_different_ledger_bytes" time="3.116" /><testcase classname="context_substitution.v2.tests.test_integration_readiness" name="test_provider_ledger_rejects_ambiguous_jsonl[top_duplicate]" time="0.454" /><testcase classname="context_substitution.v2.tests.test_integration_readiness" name="test_provider_ledger_rejects_ambiguous_jsonl[nested_duplicate]" time="0.526" /><testcase classname="context_substitution.v2.tests.test_integration_readiness" name="test_provider_ledger_rejects_ambiguous_jsonl[nan]" time="0.459" /><testcase classname="context_substitution.v2.tests.test_integration_readiness" name="test_provider_ledger_rejects_ambiguous_jsonl[infinity]" time="0.446" /><testcase classname="context_substitution.v2.tests.test_integration_readiness" name="test_projection_emits_official_v1_1_packages_and_remains_decision_neutral" time="0.001" /><testcase classname="context_substitution.v2.tests.test_integration_readiness" name="test_synthetic_package_set_is_distinct_from_official_complete" time="0.973" /><testcase classname="context_substitution.v2.tests.test_integration_readiness" name="test_release_rejects_synthetic_package_set" time="3.466" /><testcase classname="context_substitution.v2.tests.test_integration_readiness" name="test_projection_preserves_candidate_and_input_contract_bindings" time="0.001" /><testcase classname="context_substitution.v2.tests.test_integration_readiness" name="test_projection_rejects_validly_resealed_foreign_candidate" time="0.436" /><testcase classname="context_substitution.v2.tests.test_integration_readiness" name="test_projection_rejects_authority_binding_drift" time="0.191" /><testcase classname="context_substitution.v2.tests.test_integration_readiness" name="test_frozen_authority_receipt_matches_published_contract" time="0.141" /><testcase classname="context_substitution.v2.tests.test_integration_readiness" name="test_r2_authority_receipt_is_portable_and_revision_bound" time="0.066" /><testcase classname="context_substitution.v2.tests.test_integration_readiness" name="test_legacy_r1_receipt_cannot_become_active_authority" time="0.002" /><testcase classname="context_substitution.v2.tests.test_integration_readiness" name="test_r2_authority_rejects_release_or_source_mutation[extra_release_file]" time="1.277" /><testcase classname="context_substitution.v2.tests.test_integration_readiness" name="test_r2_authority_rejects_release_or_source_mutation[zip_mutation]" time="0.933" /><testcase classname="context_substitution.v2.tests.test_integration_readiness" name="test_r2_authority_rejects_release_or_source_mutation[receipt_checksum_mutation]" time="1.129" /><testcase classname="context_substitution.v2.tests.test_integration_readiness" name="test_r2_authority_rejects_release_or_source_mutation[release_audit_mutation]" time="0.787" /><testcase classname="context_substitution.v2.tests.test_integration_readiness" name="test_r2_authority_rejects_release_or_source_mutation[source_mutation]" time="0.768" /><testcase classname="context_substitution.v2.tests.test_integration_readiness" name="test_authority_receipt_tamper_is_rejected" time="0.010" /><testcase classname="context_substitution.v2.tests.test_integration_readiness" name="test_authority_receipt_rejects_duplicate_keys[{&quot;schema_id&quot;:&quot;one&quot;,&quot;schema_id&quot;:&quot;two&quot;}]" time="0.015" /><testcase classname="context_substitution.v2.tests.test_integration_readiness" name="test_authority_receipt_rejects_duplicate_keys[{&quot;integrity&quot;:{&quot;self_sha256&quot;:&quot;one&quot;,&quot;self_sha256&quot;:&quot;two&quot;}}]" time="0.014" /><testcase classname="context_substitution.v2.tests.test_integration_readiness" name="test_authority_manifest_rejects_duplicate_keys[{&quot;package_version&quot;:&quot;1.1.0&quot;,&quot;package_version&quot;:&quot;forged&quot;}]" time="0.012" /><testcase classname="context_substitution.v2.tests.test_integration_readiness" name="test_authority_manifest_rejects_duplicate_keys[{&quot;integrity&quot;:{&quot;manifest_sha256&quot;:&quot;one&quot;,&quot;manifest_sha256&quot;:&quot;two&quot;}}]" time="0.014" /><testcase classname="context_substitution.v2.tests.test_integration_readiness" name="test_pending_review_pack_cannot_claim_frozen_authority" time="0.242" /><testcase classname="context_substitution.v2.tests.test_integration_readiness" name="test_c_local_candidate_fixture_cannot_enter_official_projection" time="0.229" /><testcase classname="context_substitution.v2.tests.test_integration_readiness" name="test_projection_rejects_foreign_subset_extra_or_drifted_ledger[foreign]" time="1.625" /><testcase classname="context_substitution.v2.tests.test_integration_readiness" name="test_projection_rejects_foreign_subset_extra_or_drifted_ledger[subset]" time="0.967" /><testcase classname="context_substitution.v2.tests.test_integration_readiness" name="test_projection_rejects_foreign_subset_extra_or_drifted_ledger[extra]" time="0.516" /><testcase classname="context_substitution.v2.tests.test_integration_readiness" name="test_projection_rejects_foreign_subset_extra_or_drifted_ledger[drift]" time="0.517" /><testcase classname="context_substitution.v2.tests.test_integration_readiness" name="test_replay_rejects_raw_response_path_traversal" time="0.793" /><testcase classname="context_substitution.v2.tests.test_integration_readiness" name="test_asserted_gate_signals_reference_only_triggering_diagnostics" time="0.001" /><testcase classname="context_substitution.v2.tests.test_integration_readiness" name="test_dataset_finalized_selection_is_consumed_without_vote_resolution" time="0.021" /><testcase classname="context_substitution.v2.tests.test_integration_readiness" name="test_finalized_review_rejects_duplicate_keys[{&quot;schema_id&quot;:&quot;one&quot;,&quot;schema_id&quot;:&quot;two&quot;}]" time="0.005" /><testcase classname="context_substitution.v2.tests.test_integration_readiness" name="test_finalized_review_rejects_duplicate_keys[{&quot;review&quot;:{&quot;status&quot;:&quot;one&quot;,&quot;status&quot;:&quot;two&quot;}}]" time="0.013" /><testcase classname="context_substitution.v2.tests.test_integration_readiness" name="test_release_evidence_rejects_ambiguous_json[{&quot;status&quot;:&quot;PASS&quot;,&quot;status&quot;:&quot;FAIL&quot;}]" time="0.584" /><testcase classname="context_substitution.v2.tests.test_integration_readiness" name="test_release_evidence_rejects_ambiguous_json[{&quot;integrity&quot;:{&quot;summary_sha256&quot;:&quot;one&quot;,&quot;summary_sha256&quot;:&quot;two&quot;}}]" time="0.625" /><testcase classname="context_substitution.v2.tests.test_integration_readiness" name="test_release_evidence_rejects_ambiguous_json[{&quot;provider_attempt_count&quot;:NaN}]" time="0.504" /><testcase classname="context_substitution.v2.tests.test_integration_readiness" name="test_release_evidence_rejects_ambiguous_json[{&quot;provider_attempt_count&quot;:Infinity}]" time="0.460" /><testcase classname="context_substitution.v2.tests.test_integration_readiness" name="test_release_rejects_zero_or_failing_junit[0-0-0-0-no tests executed]" time="0.015" /><testcase classname="context_substitution.v2.tests.test_integration_readiness" name="test_release_rejects_zero_or_failing_junit[22-1-0-0-test suite did not pass]" time="0.011" /><testcase classname="context_substitution.v2.tests.test_integration_readiness" name="test_release_rejects_zero_or_failing_junit[22-0-0-1-unexpected skipped tests]" time="0.011" /><testcase classname="context_substitution.v2.tests.test_integration_readiness" name="test_release_rejects_validly_resealed_fake_summary_drift" time="1.094" /><testcase classname="context_substitution.v2.tests.test_integration_readiness" name="test_release_builder_emits_semantically_valid_rc2" time="8.134" /><testcase classname="context_substitution.v2.tests.test_integration_readiness" name="test_frozen_selector_uses_reviewed_rows_and_requires_complete_cover" time="0.235" /></testsuite></testsuites>