<?xml version="1.0" encoding="utf-8"?><testsuites name="pytest tests"><testsuite name="pytest" errors="0" failures="0" skipped="0" tests="115" time="5.649" timestamp="2026-07-30T07:08:18.160693+07:00" hostname="SnailCute"><testcase classname="tests.test_bundle_verification" name="test_valid_certificate_and_tac_bundle_pass" time="0.108" /><testcase classname="tests.test_bundle_verification" name="test_certificate_random_artifact_hash_rejects" time="0.184" /><testcase classname="tests.test_bundle_verification" name="test_collision_index_physical_hash_is_verified" time="0.226" /><testcase classname="tests.test_bundle_verification" name="test_tac_span_outside_source_text_rejects" time="0.010" /><testcase classname="tests.test_bundle_verification" name="test_tac_span_must_select_certificate_source_term" time="0.008" /><testcase classname="tests.test_bundle_verification" name="test_tac_rejects_certificate_for_another_source_term" time="0.010" /><testcase classname="tests.test_calibration_seal" name="test_real_fixture_file_is_loaded_and_verified" time="0.007" /><testcase classname="tests.test_calibration_seal" name="test_hash_string_without_loaded_artifact_cannot_open_frozen_mode" time="0.030" /><testcase classname="tests.test_calibration_seal" name="test_all_zero_dataset_hash_rejects" time="0.067" /><testcase classname="tests.test_calibration_seal" name="test_tampered_canonical_hash_rejects" time="0.006" /><testcase classname="tests.test_calibration_seal" name="test_unknown_feature_rejects" time="0.085" /><testcase classname="tests.test_calibration_seal" name="test_threshold_dataset_and_gate_bindings_reject_drift" time="0.022" /><testcase classname="tests.test_candidate_join" name="test_context_candidate_join_mismatch_rejects[candidate_id-candidate-other]" time="0.017" /><testcase classname="tests.test_candidate_join" name="test_context_candidate_join_mismatch_rejects[candidate_version-2]" time="0.018" /><testcase classname="tests.test_candidate_join" name="test_context_candidate_join_mismatch_rejects[sense_id-sense-other]" time="0.013" /><testcase classname="tests.test_candidate_join" name="test_context_candidate_join_mismatch_rejects[scope_id-scope-other]" time="0.013" /><testcase classname="tests.test_candidate_join" name="test_context_candidate_join_mismatch_rejects[dataset_manifest_sha256-ffffffffffffffffffffffffffffffffffffffffffffffffffffffffffffffff]" time="0.013" /><testcase classname="tests.test_candidate_join" name="test_context_candidate_join_mismatch_rejects[effective_sense_contract_sha256-eeeeeeeeeeeeeeeeeeeeeeeeeeeeeeeeeeeeeeeeeeeeeeeeeeeeeeeeeeeeeeee]" time="0.016" /><testcase classname="tests.test_candidate_join" name="test_input_contract_hash_mismatch_rejects" time="0.019" /><testcase classname="tests.test_candidate_join" name="test_nested_package_tamper_rejects_before_join" time="0.018" /><testcase classname="tests.test_certificate_binding" name="test_auto_approved_certificate_is_complete" time="0.007" /><testcase classname="tests.test_certificate_binding" name="test_complete_provisional_certificate_requires_calibration_hash" time="0.007" /><testcase classname="tests.test_certificate_binding" name="test_nonissuable_status_rejects[HUMAN_REVIEW]" time="0.006" /><testcase classname="tests.test_certificate_binding" name="test_nonissuable_status_rejects[REJECTED]" time="0.007" /><testcase classname="tests.test_certificate_binding" name="test_nonissuable_status_rejects[SPLIT_REQUIRED]" time="0.007" /><testcase classname="tests.test_certificate_binding" name="test_missing_decision_binding_rejects" time="0.006" /><testcase classname="tests.test_certificate_binding" name="test_evidence_summary_hash_drift_rejects" time="0.006" /><testcase classname="tests.test_certificate_binding" name="test_effective_sense_binding_drift_rejects" time="0.006" /><testcase classname="tests.test_certificate_binding" name="test_tac_rejects_legacy_incomplete_certificate" time="0.007" /><testcase classname="tests.test_dataset_mapping_fixtures" name="test_mapping_requires_explicit_hash_bindings" time="0.001" /><testcase classname="tests.test_dataset_mapping_fixtures" name="test_mapping_rejects_record_identity_drift" time="0.000" /><testcase classname="tests.test_dataset_mapping_fixtures" name="test_real_dataset_mapping_smoke[d2l_context_support_set_validation_ready_v3]" time="0.024" /><testcase classname="tests.test_dataset_mapping_fixtures" name="test_real_dataset_mapping_smoke[pilot_dev_only_v1_1]" time="0.004" /><testcase classname="tests.test_dataset_mapping_fixtures" name="test_runtime_mapper_contains_no_dataset_path_constant" time="0.001" /><testcase classname="tests.test_development_mode" name="test_development_provisional_without_certificate_is_valid" time="0.031" /><testcase classname="tests.test_development_mode" name="test_development_cannot_auto_approve" time="0.029" /><testcase classname="tests.test_development_mode" name="test_development_cannot_emit_certificate_reference" time="0.033" /><testcase classname="tests.test_gate_invariants" name="test_three_v11_gates_are_schema_valid" time="0.011" /><testcase classname="tests.test_gate_invariants" name="test_trigger_action_invariants[False-FATAL_REJECT-non-triggered gate must use action NONE]" time="0.015" /><testcase classname="tests.test_gate_invariants" name="test_trigger_action_invariants[True-NONE-triggered gate cannot use action NONE]" time="0.013" /><testcase classname="tests.test_gate_invariants" name="test_gate_severity_alias_is_rejected" time="0.011" /><testcase classname="tests.test_gate_invariants" name="test_gate_precedence_resolves_to_allowed_decision[FATAL_SPLIT-SPLIT_REQUIRED-wrong_sense]" time="0.063" /><testcase classname="tests.test_gate_invariants" name="test_gate_precedence_resolves_to_allowed_decision[FATAL_REJECT-REJECTED-wrong_sense]" time="0.080" /><testcase classname="tests.test_gate_invariants" name="test_gate_precedence_resolves_to_allowed_decision[ESCALATE_HUMAN-HUMAN_REVIEW-insufficient_evidence]" time="0.133" /><testcase classname="tests.test_gate_invariants" name="test_gate_precedence_resolves_to_allowed_decision[CAP_PROVISIONAL-PROVISIONAL-insufficient_evidence]" time="0.038" /><testcase classname="tests.test_gate_invariants" name="test_fatal_split_has_highest_precedence" time="0.032" /><testcase classname="tests.test_migration_v1_0_to_v1_1" name="test_every_valid_v10_fixture_migrates_deterministically" time="0.078" /><testcase classname="tests.test_migration_v1_0_to_v1_1" name="test_checked_in_migration_reports_bind_exact_outputs" time="0.007" /><testcase classname="tests.test_migration_v1_0_to_v1_1" name="test_second_migration_is_explicitly_rejected" time="0.001" /><testcase classname="tests.test_migration_v1_0_to_v1_1" name="test_migrated_calibration_preserves_model_but_is_not_frozen_eligible" time="0.008" /><testcase classname="tests.test_migration_v1_0_to_v1_1" name="test_legacy_incomplete_certificate_is_not_natively_issuable" time="0.010" /><testcase classname="tests.test_rc2_hardening" name="test_frozen_candidate_rejects_stale_input_binding" time="0.007" /><testcase classname="tests.test_rc2_hardening" name="test_complete_global_input_requires_constraint_bindings[effective_sense_contract]" time="0.012" /><testcase classname="tests.test_rc2_hardening" name="test_complete_global_input_requires_constraint_bindings[frozen_candidate_contract]" time="0.013" /><testcase classname="tests.test_rc2_hardening" name="test_complete_global_input_requires_constraint_bindings[constraint_evidence]" time="0.011" /><testcase classname="tests.test_rc2_hardening" name="test_frozen_decision_requires_exact_mapped_feature_set[empty]" time="0.036" /><testcase classname="tests.test_rc2_hardening" name="test_frozen_decision_requires_exact_mapped_feature_set[unknown]" time="0.040" /><testcase classname="tests.test_rc2_hardening" name="test_frozen_decision_requires_exact_mapped_feature_set[missing]" time="0.036" /><testcase classname="tests.test_rc2_hardening" name="test_frozen_decision_recomputes_approval_score" time="0.030" /><testcase classname="tests.test_rc2_hardening" name="test_feature_registry_assembles_machine_readable_vector" time="0.001" /><testcase classname="tests.test_rc2_hardening" name="test_replay_hash_binds_features_inputs_and_gate_result" time="0.001" /><testcase classname="tests.test_rc2_hardening" name="test_duplicate_gate_id_with_different_payload_rejects" time="0.011" /><testcase classname="tests.test_rc2_hardening" name="test_complete_gate_set_requires_registry_coverage" time="0.011" /><testcase classname="tests.test_rc2_hardening" name="test_triggered_gate_requires_reason_and_evidence" time="0.011" /><testcase classname="tests.test_rc2_hardening" name="test_constraint_gate_projection_rejects_disagreement" time="0.042" /><testcase classname="tests.test_rc2_hardening" name="test_nonfinite_json_constants_reject_before_validation[NaN]" time="0.016" /><testcase classname="tests.test_rc2_hardening" name="test_nonfinite_json_constants_reject_before_validation[Infinity]" time="0.004" /><testcase classname="tests.test_rc2_hardening" name="test_nonfinite_json_constants_reject_before_validation[-Infinity]" time="0.004" /><testcase classname="tests.test_rc2_hardening" name="test_undefined_calibration_model_types_reject[RULE_SET]" time="0.010" /><testcase classname="tests.test_rc2_hardening" name="test_undefined_calibration_model_types_reject[ISOTONIC]" time="0.010" /><testcase classname="tests.test_rc2_hardening" name="test_empty_calibration_results_reject" time="0.085" /><testcase classname="tests.test_rc2_hardening" name="test_native_fixture_metadata_is_not_migration_metadata" time="0.001" /><testcase classname="tests.test_rc3_hardening" name="test_context_signal_cannot_be_omitted_from_gate_result[wrong_sense]" time="0.048" /><testcase classname="tests.test_rc3_hardening" name="test_context_signal_cannot_be_omitted_from_gate_result[missing_contrastive_context]" time="0.070" /><testcase classname="tests.test_rc3_hardening" name="test_attestation_unjudgeable_cannot_be_omitted_from_gate_result" time="0.042" /><testcase classname="tests.test_rc3_hardening" name="test_sealed_policy_rejects_gate_action_drift[wrong_sense-CAP_PROVISIONAL-PROVISIONAL]" time="0.038" /><testcase classname="tests.test_rc3_hardening" name="test_sealed_policy_rejects_gate_action_drift[concept_mismatch-CAP_PROVISIONAL-PROVISIONAL]" time="0.043" /><testcase classname="tests.test_rc3_hardening" name="test_sealed_policy_rejects_gate_action_drift[insufficient_evidence-FATAL_SPLIT-SPLIT_REQUIRED]" time="0.038" /><testcase classname="tests.test_rc3_hardening" name="test_sealed_policy_rejects_gate_action_drift[target_collision-FATAL_REJECT-REJECTED]" time="0.039" /><testcase classname="tests.test_rc3_hardening" name="test_gate_policy_cannot_be_resealed_with_rule_drift" time="0.005" /><testcase classname="tests.test_rc3_hardening" name="test_threshold_stability_interval_order_is_enforced" time="0.007" /><testcase classname="tests.test_rc3_hardening" name="test_complete_global_input_cannot_use_nested_legacy_signal_exemption" time="0.013" /><testcase classname="tests.test_rc3_hardening" name="test_complete_gate_set_cannot_spoof_legacy_decision_policy_exemption" time="0.025" /><testcase classname="tests.test_rc4_certificate_authority" name="test_certificate_application_mutation_rejects[allowed_variant-allowed_variants differs]" time="0.161" /><testcase classname="tests.test_rc4_certificate_authority" name="test_certificate_application_mutation_rejects[removed_forbidden-forbidden_candidates differs]" time="0.095" /><testcase classname="tests.test_rc4_certificate_authority" name="test_certificate_application_mutation_rejects[scope-scope_note differs]" time="0.094" /><testcase classname="tests.test_rc4_certificate_authority" name="test_certificate_application_mutation_rejects[C_mean-evidence_summary.C_mean differs]" time="0.092" /><testcase classname="tests.test_rc4_certificate_authority" name="test_certificate_application_mutation_rejects[E_features-evidence_summary.E_features differs]" time="0.099" /><testcase classname="tests.test_rc4_certificate_authority" name="test_certificate_application_mutation_rejects[threshold-threshold_version differs]" time="0.155" /><testcase classname="tests.test_rc4_certificate_authority" name="test_certificate_application_mutation_rejects[contrastive-must equal positive support refs]" time="0.170" /><testcase classname="tests.test_rc4_certificate_authority" name="test_certificate_application_mutation_rejects[negative-must equal positive support refs]" time="0.238" /><testcase classname="tests.test_rc4_certificate_authority" name="test_certificate_application_mutation_rejects[issued_before_decision-issued_at precedes decision completion]" time="0.089" /><testcase classname="tests.test_rc4_certificate_authority" name="test_tac_cannot_embed_mutated_certificate[allowed_variant-allowed_variants differs]" time="0.116" /><testcase classname="tests.test_rc4_certificate_authority" name="test_tac_cannot_embed_mutated_certificate[removed_forbidden-forbidden_candidates differs]" time="0.140" /><testcase classname="tests.test_rc4_certificate_authority" name="test_tac_cannot_embed_mutated_certificate[scope-scope_note differs]" time="0.230" /><testcase classname="tests.test_rc4_certificate_authority" name="test_tac_cannot_embed_mutated_certificate[C_mean-evidence_summary.C_mean differs]" time="0.122" /><testcase classname="tests.test_rc4_certificate_authority" name="test_tac_cannot_embed_mutated_certificate[E_features-evidence_summary.E_features differs]" time="0.108" /><testcase classname="tests.test_rc4_certificate_authority" name="test_tac_cannot_embed_mutated_certificate[threshold-threshold_version differs]" time="0.158" /><testcase classname="tests.test_rc4_certificate_authority" name="test_tac_cannot_embed_mutated_certificate[contrastive-must equal positive support refs]" time="0.100" /><testcase classname="tests.test_rc4_certificate_authority" name="test_tac_cannot_embed_mutated_certificate[negative-must equal positive support refs]" time="0.163" /><testcase classname="tests.test_rc4_certificate_authority" name="test_tac_cannot_embed_mutated_certificate[issued_before_decision-issued_at precedes decision completion]" time="0.113" /><testcase classname="tests.test_rc4_certificate_authority" name="test_native_gate_signals_are_json_schema_required[context_evidence_package.json]" time="0.007" /><testcase classname="tests.test_rc4_certificate_authority" name="test_native_gate_signals_are_json_schema_required[attestation_evidence_package.json]" time="0.006" /><testcase classname="tests.test_rc4_certificate_authority" name="test_legacy_migration_remains_schema_compatible_without_gate_signals[context_evidence_package.json]" time="0.006" /><testcase classname="tests.test_rc4_certificate_authority" name="test_legacy_migration_remains_schema_compatible_without_gate_signals[attestation_evidence_package.json]" time="0.006" /><testcase classname="tests.test_rc4_certificate_authority" name="test_standalone_gate_result_requires_loaded_policy" time="0.007" /><testcase classname="tests.test_rc4_certificate_authority" name="test_standalone_gate_result_rejects_policy_action_drift" time="0.012" /><testcase classname="tests.test_schema_validation" name="test_all_native_v11_examples_validate" time="0.095" /><testcase classname="tests.test_schema_validation" name="test_all_legacy_v10_examples_remain_byte_compatible" time="0.093" /><testcase classname="tests.test_schema_validation" name="test_legacy_decision_does_not_require_v11_feature_registry" time="0.013" /><testcase classname="tests.test_schema_validation" name="test_all_invalid_v11_examples_reject" time="0.137" /><testcase classname="tests.test_schema_validation" name="test_current_schema_alias_is_byte_identical" time="0.006" /><testcase classname="tests.test_schema_validation" name="test_canonical_serialized_names_are_locked" time="0.001" /><testcase classname="tests.test_schema_validation" name="test_package_manifest_is_complete" time="0.213" /><testcase classname="tests.test_schema_validation" name="test_package_manifest_excludes_tool_caches" time="0.098" /></testsuite></testsuites>