<?xml version="1.0" encoding="utf-8"?><testsuites name="pytest tests"><testsuite name="pytest" errors="0" failures="0" skipped="0" tests="111" time="189.635" timestamp="2026-07-30T13:35:46.808345+07:00" hostname="SnailCute"><testcase classname="tests.system_integration.test_adapter_50_150.Adapter50150Tests" name="test_coherently_resealed_sidecar_semantic_drift_is_rejected" time="0.775" /><testcase classname="tests.system_integration.test_adapter_50_150.Adapter50150Tests" name="test_external_hold_and_invalid_are_sealed_but_never_joined" time="1.259" /><testcase classname="tests.system_integration.test_adapter_50_150.Adapter50150Tests" name="test_external_hold_without_receipt_is_rejected" time="0.282" /><testcase classname="tests.system_integration.test_adapter_50_150.Adapter50150Tests" name="test_missing_extra_and_inventory_drift_fail_closed" time="2.837" /><testcase classname="tests.system_integration.test_adapter_50_150.Adapter50150Tests" name="test_official_fifteen_candidate_missing_preflight_replays" time="0.757" /><testcase classname="tests.system_integration.test_adapter_50_150.Adapter50150Tests" name="test_partial_ready_batch_excludes_missing_candidate_from_global_join" time="17.813" /><testcase classname="tests.system_integration.test_adapter_50_150.Adapter50150Tests" name="test_reparse_path_is_rejected" time="10.381" /><testcase classname="tests.system_integration.test_adapter_50_150.Adapter50150Tests" name="test_shared_sense_path_drift_and_inventory_reorder_reject" time="26.191" /><testcase classname="tests.system_integration.test_adapter_50_150.Adapter50150Tests" name="test_synthetic_150_core_seal_and_replay_preserve_adapter_authority" time="28.179" /><testcase classname="tests.system_integration.test_adapter_50_150.Adapter50150Tests" name="test_synthetic_fifty_sense_inventory_joins_150_and_is_deterministic" time="25.312" /><testcase classname="tests.system_integration.test_authority_and_preflight.AuthorityPreflightTests" name="test_authority_is_pinned_to_contract_and_action_policy" time="0.115" /><testcase classname="tests.system_integration.test_authority_and_preflight.AuthorityPreflightTests" name="test_preflight_requires_supported_development_mode" time="0.080" /><testcase classname="tests.system_integration.test_batch_authority_hardening.BatchAuthorityHardeningTests" name="test_acceptance_manifest_drift_is_rejected_before_present" time="1.157" /><testcase classname="tests.system_integration.test_batch_authority_hardening.BatchAuthorityHardeningTests" name="test_acceptance_status_role_run_and_cohort_drift_fail_closed" time="1.299" /><testcase classname="tests.system_integration.test_batch_authority_hardening.BatchAuthorityHardeningTests" name="test_arbitrary_self_hashed_acceptance_receipt_is_rejected" time="0.646" /><testcase classname="tests.system_integration.test_batch_authority_hardening.BatchAuthorityHardeningTests" name="test_external_hold_rejects_coherently_resealed_non_stop_and_revoked_authority" time="1.603" /><testcase classname="tests.system_integration.test_batch_authority_hardening.BatchAuthorityHardeningTests" name="test_external_hold_requires_authoritative_stop_event" time="1.493" /><testcase classname="tests.system_integration.test_batch_authority_hardening.BatchAuthorityHardeningTests" name="test_typed_official_acceptance_reaches_present_and_replays" time="2.832" /><testcase classname="tests.system_integration.test_cli_and_release.CliReleaseTests" name="test_cli_help_exposes_v1_commands" time="0.345" /><testcase classname="tests.system_integration.test_cli_and_release.CliReleaseTests" name="test_run_cli_cannot_select_historical_r1" time="0.253" /><testcase classname="tests.system_integration.test_cli_and_release.CliReleaseTests" name="test_source_has_no_cache_or_pycs_in_release" time="0.358" /><testcase classname="tests.system_integration.test_d0_review_package.D0ReviewPackageTests" name="test_omitted_receipt_and_extra_member_fail_closed" time="0.119" /><testcase classname="tests.system_integration.test_d0_review_package.D0ReviewPackageTests" name="test_receipt_and_member_tamper_fail_closed" time="0.091" /><testcase classname="tests.system_integration.test_d0_review_package.D0ReviewPackageTests" name="test_resealed_receipt_drift_still_rejects" time="0.049" /><testcase classname="tests.system_integration.test_d0_review_package.D0ReviewPackageTests" name="test_self_hashed_receipt_and_complete_inventory" time="0.073" /><testcase classname="tests.system_integration.test_exact_cohort_v2.ExactCohortV2Tests" name="test_exact_cohort_cardinalities_build_and_replay" time="5.263" /><testcase classname="tests.system_integration.test_exact_cohort_v2.ExactCohortV2Tests" name="test_v1_sidecar_family_retains_historical_replay_semantics" time="0.104" /><testcase classname="tests.system_integration.test_inventory_join.InventoryJoinTests" name="test_duplicate_physical_path_is_rejected_by_inventory" time="0.032" /><testcase classname="tests.system_integration.test_inventory_join.InventoryJoinTests" name="test_fifteen_candidates_join_by_complete_identity" time="0.599" /><testcase classname="tests.system_integration.test_inventory_join.InventoryJoinTests" name="test_identity_mismatch_fails_after_physical_reseal" time="0.040" /><testcase classname="tests.system_integration.test_inventory_join.InventoryJoinTests" name="test_missing_role_fails_closed" time="0.034" /><testcase classname="tests.system_integration.test_pipeline_replay.PipelineReplayTests" name="test_exact_r2_run_seals_ar1_and_replays" time="20.967" /><testcase classname="tests.system_integration.test_pipeline_replay.PipelineReplayTests" name="test_faults_fail_before_consumption" time="1.185" /><testcase classname="tests.system_integration.test_pipeline_replay.PipelineReplayTests" name="test_fifteen_candidate_run_seals_and_replays" time="10.405" /><testcase classname="tests.system_integration.test_pipeline_replay.PipelineReplayTests" name="test_r1_replay_requires_explicit_sealed_historical_mode" time="0.903" /><testcase classname="tests.system_integration.test_producer_safe_cohorts.ProducerSafeCohortAuthorityTests" name="test_exact_evaluation_authority_and_phase_projection" time="1.311" /><testcase classname="tests.system_integration.test_producer_safe_cohorts.ProducerSafeCohortAuthorityTests" name="test_exact_parent_and_nested_d0_1_15" time="1.940" /><testcase classname="tests.system_integration.test_producer_safe_cohorts.ProducerSafeCohortAuthorityTests" name="test_exact_physical_authority_constants" time="0.309" /><testcase classname="tests.system_integration.test_producer_safe_cohorts.ProducerSafeCohortAuthorityTests" name="test_publication_or_parent_tamper_fails_closed" time="1.306" /><testcase classname="tests.system_integration.test_producer_safe_cohorts.ProducerSafeCohortAuthorityTests" name="test_resealed_ev_authority_and_phase_drifts_fail_closed" time="4.365" /><testcase classname="tests.system_integration.test_r2_common_binding.R2CommonBindingTests" name="test_action_policy_and_authority_sidecar_drift_reject" time="0.070" /><testcase classname="tests.system_integration.test_r2_common_binding.R2CommonBindingTests" name="test_active_contracts_git_drift_rejects" time="0.386" /><testcase classname="tests.system_integration.test_r2_common_binding.R2CommonBindingTests" name="test_all_six_resealed_r2_drifts_reject" time="3.197" /><testcase classname="tests.system_integration.test_r2_common_binding.R2CommonBindingTests" name="test_contracts_parent_and_root_reparse_reject" time="0.002" /><testcase classname="tests.system_integration.test_r2_common_binding.R2CommonBindingTests" name="test_detached_binding_missing_swapped_tampered_and_case_reject" time="0.056" /><testcase classname="tests.system_integration.test_r2_common_binding.R2CommonBindingTests" name="test_exact_r2_and_detached_approval_pass" time="8.827" /><testcase classname="tests.system_integration.test_r2_common_binding.R2CommonBindingTests" name="test_external_drifted_contracts_root_with_fake_wrapper_rejects" time="1.036" /><testcase classname="tests.system_integration.test_r2_common_binding.R2CommonBindingTests" name="test_nonproduction_exact_report_cannot_authorize_current_r2" time="0.103" /><testcase classname="tests.system_integration.test_r2_common_binding.R2CommonBindingTests" name="test_r1_cannot_start_or_replace_r2" time="0.558" /><testcase classname="tests.system_integration.test_r2_common_binding.R2CommonBindingTests" name="test_reparse_member_rejects" time="0.003" /><testcase classname="tests.system_integration.test_strict_integrity.StrictIntegrityTests" name="test_duplicate_keys_at_nested_depth_are_rejected" time="0.001" /><testcase classname="tests.system_integration.test_strict_integrity.StrictIntegrityTests" name="test_nonfinite_and_trailing_data_are_rejected" time="0.001" /><testcase classname="tests.system_integration.test_strict_integrity.StrictIntegrityTests" name="test_path_traversal_and_backslash_are_rejected" time="0.002" /><testcase classname="tests.system_integration.test_trusted_batch_authority_v3.TrustedBatchAuthorityV3Tests" name="test_expired_authorization_and_run_start_drift_reject" time="0.823" /><testcase classname="tests.system_integration.test_trusted_batch_authority_v3.TrustedBatchAuthorityV3Tests" name="test_legacy_availability_is_explicit_historical_replay_only" time="0.062" /><testcase classname="tests.system_integration.test_trusted_batch_authority_v3.TrustedBatchAuthorityV3Tests" name="test_legacy_producer_set_is_explicit_historical_replay_only" time="0.090" /><testcase classname="tests.system_integration.test_trusted_batch_authority_v3.TrustedBatchAuthorityV3Tests" name="test_official_present_cannot_self_authorize_without_main_profile" time="0.440" /><testcase classname="tests.system_integration.test_trusted_batch_authority_v3.TrustedBatchAuthorityV3Tests" name="test_profile_path_escape_and_main_stop_tamper_fail_closed" time="0.650" /></testsuite></testsuites>