<?xml version="1.0" encoding="utf-8"?><testsuites name="pytest tests"><testsuite name="pytest" errors="0" failures="0" skipped="0" tests="69" time="195.201" timestamp="2026-07-30T05:01:25.625169+07:00" hostname="SnailCute"><testcase classname="tests.system_integration.test_adapter_50_150.Adapter50150Tests" name="test_coherently_resealed_sidecar_semantic_drift_is_rejected" time="0.804" /><testcase classname="tests.system_integration.test_adapter_50_150.Adapter50150Tests" name="test_external_hold_and_invalid_are_sealed_but_never_joined" time="0.786" /><testcase classname="tests.system_integration.test_adapter_50_150.Adapter50150Tests" name="test_external_hold_without_receipt_is_rejected" time="0.313" /><testcase classname="tests.system_integration.test_adapter_50_150.Adapter50150Tests" name="test_missing_extra_and_inventory_drift_fail_closed" time="3.924" /><testcase classname="tests.system_integration.test_adapter_50_150.Adapter50150Tests" name="test_official_fifteen_candidate_missing_preflight_replays" time="1.027" /><testcase classname="tests.system_integration.test_adapter_50_150.Adapter50150Tests" name="test_partial_ready_batch_excludes_missing_candidate_from_global_join" time="22.145" /><testcase classname="tests.system_integration.test_adapter_50_150.Adapter50150Tests" name="test_reparse_path_is_rejected" time="12.156" /><testcase classname="tests.system_integration.test_adapter_50_150.Adapter50150Tests" name="test_shared_sense_path_drift_and_inventory_reorder_reject" time="31.422" /><testcase classname="tests.system_integration.test_adapter_50_150.Adapter50150Tests" name="test_synthetic_150_core_seal_and_replay_preserve_adapter_authority" time="32.726" /><testcase classname="tests.system_integration.test_adapter_50_150.Adapter50150Tests" name="test_synthetic_fifty_sense_inventory_joins_150_and_is_deterministic" time="36.735" /><testcase classname="tests.system_integration.test_authority_and_preflight.AuthorityPreflightTests" name="test_authority_is_pinned_to_contract_and_action_policy" time="0.066" /><testcase classname="tests.system_integration.test_authority_and_preflight.AuthorityPreflightTests" name="test_preflight_requires_supported_development_mode" time="0.071" /><testcase classname="tests.system_integration.test_cli_and_release.CliReleaseTests" name="test_cli_help_exposes_v1_commands" time="0.230" /><testcase classname="tests.system_integration.test_cli_and_release.CliReleaseTests" name="test_run_cli_cannot_select_historical_r1" time="0.196" /><testcase classname="tests.system_integration.test_cli_and_release.CliReleaseTests" name="test_source_has_no_cache_or_pycs_in_release" time="0.363" /><testcase classname="tests.system_integration.test_inventory_join.InventoryJoinTests" name="test_duplicate_physical_path_is_rejected_by_inventory" time="0.051" /><testcase classname="tests.system_integration.test_inventory_join.InventoryJoinTests" name="test_fifteen_candidates_join_by_complete_identity" time="0.905" /><testcase classname="tests.system_integration.test_inventory_join.InventoryJoinTests" name="test_identity_mismatch_fails_after_physical_reseal" time="0.064" /><testcase classname="tests.system_integration.test_inventory_join.InventoryJoinTests" name="test_missing_role_fails_closed" time="0.053" /><testcase classname="tests.system_integration.test_pipeline_replay.PipelineReplayTests" name="test_exact_r2_run_seals_ar1_and_replays" time="22.783" /><testcase classname="tests.system_integration.test_pipeline_replay.PipelineReplayTests" name="test_faults_fail_before_consumption" time="1.065" /><testcase classname="tests.system_integration.test_pipeline_replay.PipelineReplayTests" name="test_fifteen_candidate_run_seals_and_replays" time="10.397" /><testcase classname="tests.system_integration.test_pipeline_replay.PipelineReplayTests" name="test_r1_replay_requires_explicit_sealed_historical_mode" time="1.043" /><testcase classname="tests.system_integration.test_r2_common_binding.R2CommonBindingTests" name="test_action_policy_and_authority_sidecar_drift_reject" time="0.089" /><testcase classname="tests.system_integration.test_r2_common_binding.R2CommonBindingTests" name="test_active_contracts_git_drift_rejects" time="0.461" /><testcase classname="tests.system_integration.test_r2_common_binding.R2CommonBindingTests" name="test_all_six_resealed_r2_drifts_reject" time="3.689" /><testcase classname="tests.system_integration.test_r2_common_binding.R2CommonBindingTests" name="test_contracts_parent_and_root_reparse_reject" time="0.002" /><testcase classname="tests.system_integration.test_r2_common_binding.R2CommonBindingTests" name="test_detached_binding_missing_swapped_tampered_and_case_reject" time="0.072" /><testcase classname="tests.system_integration.test_r2_common_binding.R2CommonBindingTests" name="test_exact_r2_and_detached_approval_pass" time="9.414" /><testcase classname="tests.system_integration.test_r2_common_binding.R2CommonBindingTests" name="test_external_drifted_contracts_root_with_fake_wrapper_rejects" time="1.252" /><testcase classname="tests.system_integration.test_r2_common_binding.R2CommonBindingTests" name="test_nonproduction_exact_report_cannot_authorize_current_r2" time="0.130" /><testcase classname="tests.system_integration.test_r2_common_binding.R2CommonBindingTests" name="test_r1_cannot_start_or_replace_r2" time="0.590" /><testcase classname="tests.system_integration.test_r2_common_binding.R2CommonBindingTests" name="test_reparse_member_rejects" time="0.003" /><testcase classname="tests.system_integration.test_strict_integrity.StrictIntegrityTests" name="test_duplicate_keys_at_nested_depth_are_rejected" time="0.001" /><testcase classname="tests.system_integration.test_strict_integrity.StrictIntegrityTests" name="test_nonfinite_and_trailing_data_are_rejected" time="0.001" /><testcase classname="tests.system_integration.test_strict_integrity.StrictIntegrityTests" name="test_path_traversal_and_backslash_are_rejected" time="0.002" /></testsuite></testsuites>