<?xml version="1.0" encoding="utf-8"?><testsuites name="pytest tests"><testsuite name="pytest" errors="0" failures="0" skipped="0" tests="91" time="201.108" timestamp="2026-07-30T07:01:17.624875+07:00" hostname="SnailCute"><testcase classname="tests.system_integration.test_adapter_50_150.Adapter50150Tests" name="test_coherently_resealed_sidecar_semantic_drift_is_rejected" time="0.848" /><testcase classname="tests.system_integration.test_adapter_50_150.Adapter50150Tests" name="test_external_hold_and_invalid_are_sealed_but_never_joined" time="0.758" /><testcase classname="tests.system_integration.test_adapter_50_150.Adapter50150Tests" name="test_external_hold_without_receipt_is_rejected" time="0.277" /><testcase classname="tests.system_integration.test_adapter_50_150.Adapter50150Tests" name="test_missing_extra_and_inventory_drift_fail_closed" time="2.671" /><testcase classname="tests.system_integration.test_adapter_50_150.Adapter50150Tests" name="test_official_fifteen_candidate_missing_preflight_replays" time="0.705" /><testcase classname="tests.system_integration.test_adapter_50_150.Adapter50150Tests" name="test_partial_ready_batch_excludes_missing_candidate_from_global_join" time="18.729" /><testcase classname="tests.system_integration.test_adapter_50_150.Adapter50150Tests" name="test_reparse_path_is_rejected" time="12.642" /><testcase classname="tests.system_integration.test_adapter_50_150.Adapter50150Tests" name="test_shared_sense_path_drift_and_inventory_reorder_reject" time="32.360" /><testcase classname="tests.system_integration.test_adapter_50_150.Adapter50150Tests" name="test_synthetic_150_core_seal_and_replay_preserve_adapter_authority" time="33.797" /><testcase classname="tests.system_integration.test_adapter_50_150.Adapter50150Tests" name="test_synthetic_fifty_sense_inventory_joins_150_and_is_deterministic" time="27.865" /><testcase classname="tests.system_integration.test_authority_and_preflight.AuthorityPreflightTests" name="test_authority_is_pinned_to_contract_and_action_policy" time="0.067" /><testcase classname="tests.system_integration.test_authority_and_preflight.AuthorityPreflightTests" name="test_preflight_requires_supported_development_mode" time="0.076" /><testcase classname="tests.system_integration.test_batch_authority_hardening.BatchAuthorityHardeningTests" name="test_acceptance_manifest_drift_is_rejected_before_present" time="0.937" /><testcase classname="tests.system_integration.test_batch_authority_hardening.BatchAuthorityHardeningTests" name="test_acceptance_status_role_run_and_cohort_drift_fail_closed" time="1.204" /><testcase classname="tests.system_integration.test_batch_authority_hardening.BatchAuthorityHardeningTests" name="test_arbitrary_self_hashed_acceptance_receipt_is_rejected" time="0.695" /><testcase classname="tests.system_integration.test_batch_authority_hardening.BatchAuthorityHardeningTests" name="test_external_hold_rejects_coherently_resealed_non_stop_and_revoked_authority" time="0.517" /><testcase classname="tests.system_integration.test_batch_authority_hardening.BatchAuthorityHardeningTests" name="test_external_hold_requires_authoritative_stop_event" time="0.790" /><testcase classname="tests.system_integration.test_batch_authority_hardening.BatchAuthorityHardeningTests" name="test_typed_official_acceptance_reaches_present_and_replays" time="3.074" /><testcase classname="tests.system_integration.test_cli_and_release.CliReleaseTests" name="test_cli_help_exposes_v1_commands" time="0.273" /><testcase classname="tests.system_integration.test_cli_and_release.CliReleaseTests" name="test_run_cli_cannot_select_historical_r1" time="0.229" /><testcase classname="tests.system_integration.test_cli_and_release.CliReleaseTests" name="test_source_has_no_cache_or_pycs_in_release" time="0.447" /><testcase classname="tests.system_integration.test_exact_cohort_v2.ExactCohortV2Tests" name="test_exact_cohort_cardinalities_build_and_replay" time="6.874" /><testcase classname="tests.system_integration.test_exact_cohort_v2.ExactCohortV2Tests" name="test_v1_sidecar_family_retains_historical_replay_semantics" time="0.224" /><testcase classname="tests.system_integration.test_inventory_join.InventoryJoinTests" name="test_duplicate_physical_path_is_rejected_by_inventory" time="0.055" /><testcase classname="tests.system_integration.test_inventory_join.InventoryJoinTests" name="test_fifteen_candidates_join_by_complete_identity" time="0.991" /><testcase classname="tests.system_integration.test_inventory_join.InventoryJoinTests" name="test_identity_mismatch_fails_after_physical_reseal" time="0.063" /><testcase classname="tests.system_integration.test_inventory_join.InventoryJoinTests" name="test_missing_role_fails_closed" time="0.053" /><testcase classname="tests.system_integration.test_pipeline_replay.PipelineReplayTests" name="test_exact_r2_run_seals_ar1_and_replays" time="23.278" /><testcase classname="tests.system_integration.test_pipeline_replay.PipelineReplayTests" name="test_faults_fail_before_consumption" time="1.183" /><testcase classname="tests.system_integration.test_pipeline_replay.PipelineReplayTests" name="test_fifteen_candidate_run_seals_and_replays" time="11.137" /><testcase classname="tests.system_integration.test_pipeline_replay.PipelineReplayTests" name="test_r1_replay_requires_explicit_sealed_historical_mode" time="0.984" /><testcase classname="tests.system_integration.test_r2_common_binding.R2CommonBindingTests" name="test_action_policy_and_authority_sidecar_drift_reject" time="0.081" /><testcase classname="tests.system_integration.test_r2_common_binding.R2CommonBindingTests" name="test_active_contracts_git_drift_rejects" time="0.480" /><testcase classname="tests.system_integration.test_r2_common_binding.R2CommonBindingTests" name="test_all_six_resealed_r2_drifts_reject" time="3.932" /><testcase classname="tests.system_integration.test_r2_common_binding.R2CommonBindingTests" name="test_contracts_parent_and_root_reparse_reject" time="0.002" /><testcase classname="tests.system_integration.test_r2_common_binding.R2CommonBindingTests" name="test_detached_binding_missing_swapped_tampered_and_case_reject" time="0.060" /><testcase classname="tests.system_integration.test_r2_common_binding.R2CommonBindingTests" name="test_exact_r2_and_detached_approval_pass" time="10.484" /><testcase classname="tests.system_integration.test_r2_common_binding.R2CommonBindingTests" name="test_external_drifted_contracts_root_with_fake_wrapper_rejects" time="1.292" /><testcase classname="tests.system_integration.test_r2_common_binding.R2CommonBindingTests" name="test_nonproduction_exact_report_cannot_authorize_current_r2" time="0.145" /><testcase classname="tests.system_integration.test_r2_common_binding.R2CommonBindingTests" name="test_r1_cannot_start_or_replace_r2" time="0.651" /><testcase classname="tests.system_integration.test_r2_common_binding.R2CommonBindingTests" name="test_reparse_member_rejects" time="0.002" /><testcase classname="tests.system_integration.test_strict_integrity.StrictIntegrityTests" name="test_duplicate_keys_at_nested_depth_are_rejected" time="0.001" /><testcase classname="tests.system_integration.test_strict_integrity.StrictIntegrityTests" name="test_nonfinite_and_trailing_data_are_rejected" time="0.001" /><testcase classname="tests.system_integration.test_strict_integrity.StrictIntegrityTests" name="test_path_traversal_and_backslash_are_rejected" time="0.001" /></testsuite></testsuites>