<?xml version="1.0" encoding="utf-8"?><testsuites name="pytest tests"><testsuite name="pytest" errors="0" failures="0" skipped="0" tests="114" time="318.442" timestamp="2026-07-30T14:26:43.335947+07:00" hostname="SnailCute"><testcase classname="tests.system_integration.test_adapter_50_150.Adapter50150Tests" name="test_coherently_resealed_sidecar_semantic_drift_is_rejected" time="1.819" /><testcase classname="tests.system_integration.test_adapter_50_150.Adapter50150Tests" name="test_external_hold_and_invalid_are_sealed_but_never_joined" time="3.211" /><testcase classname="tests.system_integration.test_adapter_50_150.Adapter50150Tests" name="test_external_hold_without_receipt_is_rejected" time="0.420" /><testcase classname="tests.system_integration.test_adapter_50_150.Adapter50150Tests" name="test_missing_extra_and_inventory_drift_fail_closed" time="7.112" /><testcase classname="tests.system_integration.test_adapter_50_150.Adapter50150Tests" name="test_official_fifteen_candidate_missing_preflight_replays" time="1.429" /><testcase classname="tests.system_integration.test_adapter_50_150.Adapter50150Tests" name="test_partial_ready_batch_excludes_missing_candidate_from_global_join" time="27.736" /><testcase classname="tests.system_integration.test_adapter_50_150.Adapter50150Tests" name="test_reparse_path_is_rejected" time="22.935" /><testcase classname="tests.system_integration.test_adapter_50_150.Adapter50150Tests" name="test_shared_sense_path_drift_and_inventory_reorder_reject" time="46.411" /><testcase classname="tests.system_integration.test_adapter_50_150.Adapter50150Tests" name="test_synthetic_150_core_seal_and_replay_preserve_adapter_authority" time="55.949" /><testcase classname="tests.system_integration.test_adapter_50_150.Adapter50150Tests" name="test_synthetic_fifty_sense_inventory_joins_150_and_is_deterministic" time="47.504" /><testcase classname="tests.system_integration.test_authority_and_preflight.AuthorityPreflightTests" name="test_authority_is_pinned_to_contract_and_action_policy" time="0.122" /><testcase classname="tests.system_integration.test_authority_and_preflight.AuthorityPreflightTests" name="test_preflight_requires_supported_development_mode" time="0.070" /><testcase classname="tests.system_integration.test_batch_authority_hardening.BatchAuthorityHardeningTests" name="test_acceptance_manifest_drift_is_rejected_before_present" time="1.475" /><testcase classname="tests.system_integration.test_batch_authority_hardening.BatchAuthorityHardeningTests" name="test_acceptance_status_role_run_and_cohort_drift_fail_closed" time="1.574" /><testcase classname="tests.system_integration.test_batch_authority_hardening.BatchAuthorityHardeningTests" name="test_arbitrary_self_hashed_acceptance_receipt_is_rejected" time="1.210" /><testcase classname="tests.system_integration.test_batch_authority_hardening.BatchAuthorityHardeningTests" name="test_external_hold_rejects_coherently_resealed_non_stop_and_revoked_authority" time="2.196" /><testcase classname="tests.system_integration.test_batch_authority_hardening.BatchAuthorityHardeningTests" name="test_external_hold_requires_authoritative_stop_event" time="1.918" /><testcase classname="tests.system_integration.test_batch_authority_hardening.BatchAuthorityHardeningTests" name="test_typed_official_acceptance_reaches_present_and_replays" time="3.601" /><testcase classname="tests.system_integration.test_cli_and_release.CliReleaseTests" name="test_cli_help_exposes_v1_commands" time="0.531" /><testcase classname="tests.system_integration.test_cli_and_release.CliReleaseTests" name="test_run_cli_cannot_select_historical_r1" time="0.431" /><testcase classname="tests.system_integration.test_cli_and_release.CliReleaseTests" name="test_source_has_no_cache_or_pycs_in_release" time="0.707" /><testcase classname="tests.system_integration.test_d0_review_package.D0ReviewPackageTests" name="test_omitted_receipt_and_extra_member_fail_closed" time="0.221" /><testcase classname="tests.system_integration.test_d0_review_package.D0ReviewPackageTests" name="test_receipt_and_member_tamper_fail_closed" time="0.187" /><testcase classname="tests.system_integration.test_d0_review_package.D0ReviewPackageTests" name="test_resealed_receipt_drift_still_rejects" time="0.088" /><testcase classname="tests.system_integration.test_d0_review_package.D0ReviewPackageTests" name="test_self_hashed_receipt_and_complete_inventory" time="0.108" /><testcase classname="tests.system_integration.test_exact_cohort_v2.ExactCohortV2Tests" name="test_exact_cohort_cardinalities_build_and_replay" time="8.648" /><testcase classname="tests.system_integration.test_exact_cohort_v2.ExactCohortV2Tests" name="test_v1_sidecar_family_retains_historical_replay_semantics" time="0.281" /><testcase classname="tests.system_integration.test_inventory_join.InventoryJoinTests" name="test_duplicate_physical_path_is_rejected_by_inventory" time="0.060" /><testcase classname="tests.system_integration.test_inventory_join.InventoryJoinTests" name="test_fifteen_candidates_join_by_complete_identity" time="1.216" /><testcase classname="tests.system_integration.test_inventory_join.InventoryJoinTests" name="test_identity_mismatch_fails_after_physical_reseal" time="0.050" /><testcase classname="tests.system_integration.test_inventory_join.InventoryJoinTests" name="test_missing_role_fails_closed" time="0.061" /><testcase classname="tests.system_integration.test_pipeline_replay.PipelineReplayTests" name="test_exact_r2_run_seals_ar1_and_replays" time="30.975" /><testcase classname="tests.system_integration.test_pipeline_replay.PipelineReplayTests" name="test_faults_fail_before_consumption" time="2.765" /><testcase classname="tests.system_integration.test_pipeline_replay.PipelineReplayTests" name="test_fifteen_candidate_run_seals_and_replays" time="13.306" /><testcase classname="tests.system_integration.test_pipeline_replay.PipelineReplayTests" name="test_r1_replay_requires_explicit_sealed_historical_mode" time="1.309" /><testcase classname="tests.system_integration.test_producer_safe_cohorts.ProducerSafeCohortAuthorityTests" name="test_exact_evaluation_handoff_and_phase_projection" time="1.317" /><testcase classname="tests.system_integration.test_producer_safe_cohorts.ProducerSafeCohortAuthorityTests" name="test_exact_parent_and_nested_d0_1_15" time="2.385" /><testcase classname="tests.system_integration.test_producer_safe_cohorts.ProducerSafeCohortAuthorityTests" name="test_exact_physical_authority_constants" time="0.297" /><testcase classname="tests.system_integration.test_producer_safe_cohorts.ProducerSafeCohortAuthorityTests" name="test_publication_or_parent_tamper_fails_closed" time="1.190" /><testcase classname="tests.system_integration.test_producer_safe_cohorts.ProducerSafeCohortAuthorityTests" name="test_resealed_ev_authority_and_phase_drifts_fail_closed" time="3.446" /><testcase classname="tests.system_integration.test_r2_common_binding.R2CommonBindingTests" name="test_action_policy_and_authority_sidecar_drift_reject" time="0.086" /><testcase classname="tests.system_integration.test_r2_common_binding.R2CommonBindingTests" name="test_active_contracts_git_drift_rejects" time="0.386" /><testcase classname="tests.system_integration.test_r2_common_binding.R2CommonBindingTests" name="test_all_six_resealed_r2_drifts_reject" time="3.546" /><testcase classname="tests.system_integration.test_r2_common_binding.R2CommonBindingTests" name="test_contracts_parent_and_root_reparse_reject" time="0.003" /><testcase classname="tests.system_integration.test_r2_common_binding.R2CommonBindingTests" name="test_detached_binding_missing_swapped_tampered_and_case_reject" time="0.065" /><testcase classname="tests.system_integration.test_r2_common_binding.R2CommonBindingTests" name="test_exact_r2_and_detached_approval_pass" time="12.750" /><testcase classname="tests.system_integration.test_r2_common_binding.R2CommonBindingTests" name="test_external_drifted_contracts_root_with_fake_wrapper_rejects" time="1.338" /><testcase classname="tests.system_integration.test_r2_common_binding.R2CommonBindingTests" name="test_nonproduction_exact_report_cannot_authorize_current_r2" time="0.132" /><testcase classname="tests.system_integration.test_r2_common_binding.R2CommonBindingTests" name="test_r1_cannot_start_or_replace_r2" time="0.704" /><testcase classname="tests.system_integration.test_r2_common_binding.R2CommonBindingTests" name="test_reparse_member_rejects" time="0.003" /><testcase classname="tests.system_integration.test_strict_integrity.StrictIntegrityTests" name="test_duplicate_keys_at_nested_depth_are_rejected" time="0.001" /><testcase classname="tests.system_integration.test_strict_integrity.StrictIntegrityTests" name="test_nonfinite_and_trailing_data_are_rejected" time="0.001" /><testcase classname="tests.system_integration.test_strict_integrity.StrictIntegrityTests" name="test_path_traversal_and_backslash_are_rejected" time="0.001" /><testcase classname="tests.system_integration.test_trusted_batch_authority_v3.TrustedBatchAuthorityV3Tests" name="test_expired_authorization_and_run_start_drift_reject" time="0.867" /><testcase classname="tests.system_integration.test_trusted_batch_authority_v3.TrustedBatchAuthorityV3Tests" name="test_legacy_availability_is_explicit_historical_replay_only" time="0.061" /><testcase classname="tests.system_integration.test_trusted_batch_authority_v3.TrustedBatchAuthorityV3Tests" name="test_legacy_producer_set_is_explicit_historical_replay_only" time="0.103" /><testcase classname="tests.system_integration.test_trusted_batch_authority_v3.TrustedBatchAuthorityV3Tests" name="test_official_present_cannot_self_authorize_without_main_profile" time="0.663" /><testcase classname="tests.system_integration.test_trusted_batch_authority_v3.TrustedBatchAuthorityV3Tests" name="test_profile_path_escape_and_main_stop_tamper_fail_closed" time="0.868" /></testsuite></testsuites>