<?xml version="1.0" encoding="utf-8"?><testsuites name="pytest tests"><testsuite name="pytest" errors="0" failures="0" skipped="0" tests="22" time="14.334" timestamp="2026-07-30T07:01:01.918403+07:00" hostname="SnailCute"><testcase classname="tests.system_integration.test_batch_authority_hardening.BatchAuthorityHardeningTests" name="test_acceptance_manifest_drift_is_rejected_before_present" time="1.021" /><testcase classname="tests.system_integration.test_batch_authority_hardening.BatchAuthorityHardeningTests" name="test_acceptance_status_role_run_and_cohort_drift_fail_closed" time="1.437" /><testcase classname="tests.system_integration.test_batch_authority_hardening.BatchAuthorityHardeningTests" name="test_arbitrary_self_hashed_acceptance_receipt_is_rejected" time="0.789" /><testcase classname="tests.system_integration.test_batch_authority_hardening.BatchAuthorityHardeningTests" name="test_external_hold_rejects_coherently_resealed_non_stop_and_revoked_authority" time="0.655" /><testcase classname="tests.system_integration.test_batch_authority_hardening.BatchAuthorityHardeningTests" name="test_external_hold_requires_authoritative_stop_event" time="1.049" /><testcase classname="tests.system_integration.test_batch_authority_hardening.BatchAuthorityHardeningTests" name="test_typed_official_acceptance_reaches_present_and_replays" time="2.817" /><testcase classname="tests.system_integration.test_exact_cohort_v2.ExactCohortV2Tests" name="test_exact_cohort_cardinalities_build_and_replay" time="6.333" /><testcase classname="tests.system_integration.test_exact_cohort_v2.ExactCohortV2Tests" name="test_v1_sidecar_family_retains_historical_replay_semantics" time="0.134" /></testsuite></testsuites>