<?xml version="1.0" encoding="utf-8"?><testsuites name="pytest tests"><testsuite name="pytest" errors="0" failures="0" skipped="0" tests="10" time="158.767" timestamp="2026-07-30T05:08:26.440685+07:00" hostname="SnailCute"><testcase classname="tests.system_integration.test_adapter_50_150.Adapter50150Tests" name="test_coherently_resealed_sidecar_semantic_drift_is_rejected" time="0.711" /><testcase classname="tests.system_integration.test_adapter_50_150.Adapter50150Tests" name="test_external_hold_and_invalid_are_sealed_but_never_joined" time="0.683" /><testcase classname="tests.system_integration.test_adapter_50_150.Adapter50150Tests" name="test_external_hold_without_receipt_is_rejected" time="0.309" /><testcase classname="tests.system_integration.test_adapter_50_150.Adapter50150Tests" name="test_missing_extra_and_inventory_drift_fail_closed" time="3.305" /><testcase classname="tests.system_integration.test_adapter_50_150.Adapter50150Tests" name="test_official_fifteen_candidate_missing_preflight_replays" time="0.610" /><testcase classname="tests.system_integration.test_adapter_50_150.Adapter50150Tests" name="test_partial_ready_batch_excludes_missing_candidate_from_global_join" time="25.675" /><testcase classname="tests.system_integration.test_adapter_50_150.Adapter50150Tests" name="test_reparse_path_is_rejected" time="12.622" /><testcase classname="tests.system_integration.test_adapter_50_150.Adapter50150Tests" name="test_shared_sense_path_drift_and_inventory_reorder_reject" time="32.583" /><testcase classname="tests.system_integration.test_adapter_50_150.Adapter50150Tests" name="test_synthetic_150_core_seal_and_replay_preserve_adapter_authority" time="44.559" /><testcase classname="tests.system_integration.test_adapter_50_150.Adapter50150Tests" name="test_synthetic_fifty_sense_inventory_joins_150_and_is_deterministic" time="37.623" /></testsuite></testsuites>