<?xml version="1.0" encoding="utf-8"?><testsuites name="pytest tests"><testsuite name="pytest" errors="0" failures="0" skipped="0" tests="80" time="101.596" timestamp="2026-07-29T13:31:17.239213+07:00" hostname="SnailCute"><testcase classname="v1.tests.test_architecture_boundaries" name="test_runtime_has_no_producer_internal_or_network_imports" time="0.034" /><testcase classname="v1.tests.test_architecture_boundaries" name="test_release_reports_are_self_hashed" time="0.004" /><testcase classname="v1.tests.test_authority_and_input" name="test_authority_accepts_canonical_r2_published_receipt_only" time="0.515" /><testcase classname="v1.tests.test_authority_and_input" name="test_superseded_r1_receipt_is_not_active" time="0.001" /><testcase classname="v1.tests.test_authority_and_input" name="test_authority_rejects_non_release_contract_drift" time="0.824" /><testcase classname="v1.tests.test_authority_and_input" name="test_authority_rejects_unreviewed_release_only_drift" time="0.252" /><testcase classname="v1.tests.test_authority_and_input" name="test_authority_rejects_r2_publication_tamper[release/v1.1.0-final/CHECKSUMS.sha256]" time="0.217" /><testcase classname="v1.tests.test_authority_and_input" name="test_authority_rejects_r2_publication_tamper[release/v1.1.0-final/release_manifest.json]" time="0.159" /><testcase classname="v1.tests.test_authority_and_input" name="test_authority_rejects_r2_publication_tamper[release/v1.1.0-final/terminology_contracts_v1_1_0_final.zip]" time="0.210" /><testcase classname="v1.tests.test_authority_and_input" name="test_authority_rejects_r2_publication_tamper[release/v1.1.0-final/final_release_audit.json]" time="0.162" /><testcase classname="v1.tests.test_authority_and_input" name="test_authority_rejects_wrong_r2_revision_or_tree_binding[receipt_revision-1]" time="0.160" /><testcase classname="v1.tests.test_authority_and_input" name="test_authority_rejects_wrong_r2_revision_or_tree_binding[contract_tree_git_oid-0000000000000000000000000000000000000000]" time="0.194" /><testcase classname="v1.tests.test_authority_and_input" name="test_strict_json_rejects_ambiguous_inputs[{&quot;schema_id&quot;:&quot;A&quot;,&quot;schema_id&quot;:&quot;B&quot;}-duplicate JSON key]" time="0.004" /><testcase classname="v1.tests.test_authority_and_input" name="test_strict_json_rejects_ambiguous_inputs[{&quot;schema_id&quot;:&quot;A&quot;,&quot;value&quot;:NaN}-non-finite JSON number]" time="0.004" /><testcase classname="v1.tests.test_authority_and_input" name="test_strict_json_rejects_ambiguous_inputs[{&quot;schema_id&quot;:&quot;A&quot;} trailing-Extra data]" time="0.004" /><testcase classname="v1.tests.test_authority_and_input" name="test_strict_json_rejects_exponent_overflow[{&quot;x&quot;:1e9999}]" time="0.001" /><testcase classname="v1.tests.test_authority_and_input" name="test_strict_json_rejects_exponent_overflow[{&quot;x&quot;:-1e9999}]" time="0.001" /><testcase classname="v1.tests.test_authority_and_input" name="test_strict_json_rejects_exponent_overflow[{&quot;nested&quot;:[0,{&quot;x&quot;:1e9999}]}]" time="0.001" /><testcase classname="v1.tests.test_authority_and_input" name="test_strict_json_rejects_exponent_overflow[{&quot;nested&quot;:{&quot;items&quot;:[-1e9999]}}]" time="0.001" /><testcase classname="v1.tests.test_authority_and_input" name="test_strict_json_accepts_finite_exponents_and_nested_numbers" time="0.000" /><testcase classname="v1.tests.test_authority_and_input" name="test_assembler_rejects_exact_join_mismatch" time="0.001" /><testcase classname="v1.tests.test_authority_and_input" name="test_collision_index_is_required_and_physically_bound" time="0.005" /><testcase classname="v1.tests.test_authority_and_input" name="test_run_config_rejects_unsafe_id_and_time_order" time="0.001" /><testcase classname="v1.tests.test_cli" name="test_cli_development_run_and_replay" time="3.625" /><testcase classname="v1.tests.test_cli" name="test_cli_assembles_exact_global_input" time="1.102" /><testcase classname="v1.tests.test_cli" name="test_cli_frozen_bundle_and_decision_verification" time="5.664" /><testcase classname="v1.tests.test_cli" name="test_cli_maps_schema_errors_to_exit_code_two" time="0.648" /><testcase classname="v1.tests.test_engine_certificate_replay" name="test_development_run_is_provisional_certificate_free_and_replayable" time="3.984" /><testcase classname="v1.tests.test_engine_certificate_replay" name="test_contract_example_calibration_requires_explicit_test_mode" time="0.002" /><testcase classname="v1.tests.test_engine_certificate_replay" name="test_frozen_production_requires_reviewed_calibration_pin" time="0.003" /><testcase classname="v1.tests.test_engine_certificate_replay" name="test_copied_example_calibration_remains_non_production" time="0.569" /><testcase classname="v1.tests.test_engine_certificate_replay" name="test_calibration_byte_tamper_fails_before_scoring" time="0.578" /><testcase classname="v1.tests.test_engine_certificate_replay" name="test_fixture_mode_rejects_resealed_nonfixture_calibration" time="0.570" /><testcase classname="v1.tests.test_engine_certificate_replay" name="test_frozen_fixture_score_certificate_bundle_and_replay" time="7.086" /><testcase classname="v1.tests.test_engine_certificate_replay" name="test_frozen_cap_provisional_still_emits_scope_limited_certificate" time="0.987" /><testcase classname="v1.tests.test_engine_certificate_replay" name="test_bundle_tamper_is_rejected" time="1.001" /><testcase classname="v1.tests.test_engine_certificate_replay" name="test_replay_rejects_maintainer_decision_tamper_reproduction" time="0.733" /><testcase classname="v1.tests.test_engine_certificate_replay" name="test_replay_rejects_gate_and_run_spec_byte_tamper[output/gate_result_set.json]" time="0.713" /><testcase classname="v1.tests.test_engine_certificate_replay" name="test_replay_rejects_gate_and_run_spec_byte_tamper[audit/run_spec.json]" time="0.638" /><testcase classname="v1.tests.test_engine_certificate_replay" name="test_replay_rejects_checksum_listing_tamper" time="0.610" /><testcase classname="v1.tests.test_engine_certificate_replay" name="test_replay_rejects_strict_json_tamper_even_with_refreshed_checksum" time="0.685" /><testcase classname="v1.tests.test_engine_certificate_replay" name="test_replay_rejects_rechecksummed_run_spec_binding_drift" time="2.021" /><testcase classname="v1.tests.test_engine_certificate_replay" name="test_replay_rejects_authority_byte_tamper_after_checksum_refresh" time="0.707" /><testcase classname="v1.tests.test_engine_certificate_replay" name="test_verify_decision_rejects_resealed_config_binding_drift[execution_config-execution_config_sha256 mismatch]" time="1.250" /><testcase classname="v1.tests.test_engine_certificate_replay" name="test_verify_decision_rejects_resealed_config_binding_drift[timestamps-run_metadata.started_at mismatch]" time="1.284" /><testcase classname="v1.tests.test_engine_certificate_replay" name="test_replay_uses_explicit_portable_authority_root[C:\\work\\terminology_evidence]" time="3.105" /><testcase classname="v1.tests.test_engine_certificate_replay" name="test_replay_uses_explicit_portable_authority_root[/var/lib/terminology_evidence]" time="2.712" /><testcase classname="v1.tests.test_engine_certificate_replay" name="test_replay_without_authority_root_rejects_relative_hint" time="0.755" /><testcase classname="v1.tests.test_engine_certificate_replay" name="test_replay_rejects_resealed_action_policy_authority_drift" time="1.368" /><testcase classname="v1.tests.test_engine_certificate_replay" name="test_replay_rejects_rechecksummed_run_spec_authority_drift" time="1.170" /><testcase classname="v1.tests.test_engine_certificate_replay" name="test_replay_rejects_resealed_semantic_decision_drift" time="2.363" /><testcase classname="v1.tests.test_engine_certificate_replay" name="test_replay_rejects_resealed_gate_drift_against_recomputation" time="2.479" /><testcase classname="v1.tests.test_engine_certificate_replay" name="test_replay_verifies_resealed_certificate_bundle_before_semantic_replay" time="2.823" /><testcase classname="v1.tests.test_gates_and_decisions" name="test_gate_engine_emits_exact_registry_once" time="0.020" /><testcase classname="v1.tests.test_gates_and_decisions" name="test_sensitive_producer_signal_requires_direct_evidence_reference[context_evidence-concept_mismatch]" time="0.008" /><testcase classname="v1.tests.test_gates_and_decisions" name="test_sensitive_producer_signal_requires_direct_evidence_reference[context_evidence-wrong_sense]" time="0.008" /><testcase classname="v1.tests.test_gates_and_decisions" name="test_sensitive_producer_signal_requires_direct_evidence_reference[context_evidence-contradiction]" time="0.008" /><testcase classname="v1.tests.test_gates_and_decisions" name="test_sensitive_producer_signal_requires_direct_evidence_reference[context_evidence-judge_disagreement]" time="0.007" /><testcase classname="v1.tests.test_gates_and_decisions" name="test_sensitive_producer_signal_requires_direct_evidence_reference[context_evidence-missing_contrastive_context]" time="0.007" /><testcase classname="v1.tests.test_gates_and_decisions" name="test_sensitive_producer_signal_requires_direct_evidence_reference[context_evidence-incomplete_context_type_coverage]" time="0.007" /><testcase classname="v1.tests.test_gates_and_decisions" name="test_sensitive_producer_signal_requires_direct_evidence_reference[attestation_evidence-concept_mismatch]" time="0.008" /><testcase classname="v1.tests.test_gates_and_decisions" name="test_sensitive_producer_signal_requires_direct_evidence_reference[attestation_evidence-contradiction]" time="0.007" /><testcase classname="v1.tests.test_gates_and_decisions" name="test_sensitive_producer_signal_requires_direct_evidence_reference[attestation_evidence-judge_disagreement]" time="0.008" /><testcase classname="v1.tests.test_gates_and_decisions" name="test_nonfatal_context_signal_may_use_sealed_package_fallback" time="0.027" /><testcase classname="v1.tests.test_gates_and_decisions" name="test_every_registered_producer_signal_projects_without_loss[context_evidence-C]" time="0.229" /><testcase classname="v1.tests.test_gates_and_decisions" name="test_every_registered_producer_signal_projects_without_loss[attestation_evidence-E]" time="0.178" /><testcase classname="v1.tests.test_gates_and_decisions" name="test_constraint_fallback_refs_cover_unverified_unresolved_unjudgeable" time="0.030" /><testcase classname="v1.tests.test_gates_and_decisions" name="test_signal_registry_gap_fails_closed" time="0.012" /><testcase classname="v1.tests.test_gates_and_decisions" name="test_decision_precedence[actions0-PROVISIONAL]" time="0.001" /><testcase classname="v1.tests.test_gates_and_decisions" name="test_decision_precedence[actions1-HUMAN_REVIEW]" time="0.001" /><testcase classname="v1.tests.test_gates_and_decisions" name="test_decision_precedence[actions2-REJECTED]" time="0.001" /><testcase classname="v1.tests.test_gates_and_decisions" name="test_decision_precedence[actions3-SPLIT_REQUIRED]" time="0.001" /><testcase classname="v1.tests.test_gates_and_decisions" name="test_action_policy_rejects_forbidden_selection" time="0.025" /><testcase classname="v1.tests.test_gates_and_decisions" name="test_action_policy_rejects_alternate_allowed_selection" time="0.005" /><testcase classname="v1.tests.test_post_review_hardening" name="test_junit_identity_and_clean_counts_are_bound" time="0.006" /><testcase classname="v1.tests.test_post_review_hardening" name="test_junit_rejects_failure_or_skip[&lt;testcase classname=&quot;tests.test_a&quot; name=&quot;test_a&quot;&gt;&lt;failure /&gt;&lt;/testcase&gt;-clean gate]" time="0.004" /><testcase classname="v1.tests.test_post_review_hardening" name="test_junit_rejects_failure_or_skip[&lt;testcase classname=&quot;tests.test_a&quot; name=&quot;test_a&quot;&gt;&lt;skipped /&gt;&lt;/testcase&gt;-clean gate]" time="0.005" /><testcase classname="v1.tests.test_post_review_hardening" name="test_junit_rejects_stale_count_and_identity_set" time="0.005" /><testcase classname="v1.tests.test_post_review_hardening" name="test_junit_rejects_counter_drift" time="0.005" /><testcase classname="v1.tests.test_zero_api_integration" name="test_five_sense_fifteen_candidate_development_pilot_is_zero_api" time="46.857" /></testsuite></testsuites>