<?xml version="1.0" encoding="utf-8"?><testsuites name="pytest tests"><testsuite name="pytest" errors="0" failures="0" skipped="0" tests="34" time="29.380" timestamp="2026-07-29T06:38:27.529162+07:00" hostname="SnailCute"><testcase classname="v1.tests.test_architecture_boundaries" name="test_runtime_has_no_producer_internal_or_network_imports" time="0.035" /><testcase classname="v1.tests.test_architecture_boundaries" name="test_release_reports_are_self_hashed" time="0.045" /><testcase classname="v1.tests.test_authority_and_input" name="test_authority_accepts_only_pinned_published_receipt" time="0.131" /><testcase classname="v1.tests.test_authority_and_input" name="test_strict_json_rejects_ambiguous_inputs[{&quot;schema_id&quot;:&quot;A&quot;,&quot;schema_id&quot;:&quot;B&quot;}-duplicate JSON key]" time="0.003" /><testcase classname="v1.tests.test_authority_and_input" name="test_strict_json_rejects_ambiguous_inputs[{&quot;schema_id&quot;:&quot;A&quot;,&quot;value&quot;:NaN}-non-finite JSON number]" time="0.003" /><testcase classname="v1.tests.test_authority_and_input" name="test_strict_json_rejects_ambiguous_inputs[{&quot;schema_id&quot;:&quot;A&quot;} trailing-Extra data]" time="0.003" /><testcase classname="v1.tests.test_authority_and_input" name="test_assembler_rejects_exact_join_mismatch" time="0.001" /><testcase classname="v1.tests.test_authority_and_input" name="test_collision_index_is_required_and_physically_bound" time="0.005" /><testcase classname="v1.tests.test_authority_and_input" name="test_run_config_rejects_unsafe_id_and_time_order" time="0.001" /><testcase classname="v1.tests.test_cli" name="test_cli_development_run_and_replay" time="5.833" /><testcase classname="v1.tests.test_cli" name="test_cli_assembles_exact_global_input" time="0.791" /><testcase classname="v1.tests.test_cli" name="test_cli_frozen_bundle_and_decision_verification" time="2.050" /><testcase classname="v1.tests.test_cli" name="test_cli_maps_schema_errors_to_exit_code_two" time="0.263" /><testcase classname="v1.tests.test_engine_certificate_replay" name="test_development_run_is_provisional_certificate_free_and_replayable" time="1.489" /><testcase classname="v1.tests.test_engine_certificate_replay" name="test_contract_example_calibration_requires_explicit_test_mode" time="0.007" /><testcase classname="v1.tests.test_engine_certificate_replay" name="test_frozen_production_requires_reviewed_calibration_pin" time="0.009" /><testcase classname="v1.tests.test_engine_certificate_replay" name="test_copied_example_calibration_remains_non_production" time="0.432" /><testcase classname="v1.tests.test_engine_certificate_replay" name="test_calibration_byte_tamper_fails_before_scoring" time="0.505" /><testcase classname="v1.tests.test_engine_certificate_replay" name="test_fixture_mode_rejects_resealed_nonfixture_calibration" time="0.531" /><testcase classname="v1.tests.test_engine_certificate_replay" name="test_frozen_fixture_score_certificate_bundle_and_replay" time="3.097" /><testcase classname="v1.tests.test_engine_certificate_replay" name="test_frozen_cap_provisional_still_emits_scope_limited_certificate" time="0.913" /><testcase classname="v1.tests.test_engine_certificate_replay" name="test_bundle_tamper_is_rejected" time="1.100" /><testcase classname="v1.tests.test_gates_and_decisions" name="test_gate_engine_emits_exact_registry_once" time="0.037" /><testcase classname="v1.tests.test_gates_and_decisions" name="test_context_signal_projects_action_reason_and_fallback_reference" time="0.035" /><testcase classname="v1.tests.test_gates_and_decisions" name="test_every_registered_producer_signal_projects_without_loss[context_evidence-C]" time="0.228" /><testcase classname="v1.tests.test_gates_and_decisions" name="test_every_registered_producer_signal_projects_without_loss[attestation_evidence-E]" time="0.197" /><testcase classname="v1.tests.test_gates_and_decisions" name="test_constraint_fallback_refs_cover_unverified_unresolved_unjudgeable" time="0.037" /><testcase classname="v1.tests.test_gates_and_decisions" name="test_signal_registry_gap_fails_closed" time="0.014" /><testcase classname="v1.tests.test_gates_and_decisions" name="test_decision_precedence[actions0-PROVISIONAL]" time="0.001" /><testcase classname="v1.tests.test_gates_and_decisions" name="test_decision_precedence[actions1-HUMAN_REVIEW]" time="0.001" /><testcase classname="v1.tests.test_gates_and_decisions" name="test_decision_precedence[actions2-REJECTED]" time="0.001" /><testcase classname="v1.tests.test_gates_and_decisions" name="test_decision_precedence[actions3-SPLIT_REQUIRED]" time="0.001" /><testcase classname="v1.tests.test_gates_and_decisions" name="test_action_policy_rejects_forbidden_selection" time="0.017" /><testcase classname="v1.tests.test_zero_api_integration" name="test_five_sense_fifteen_candidate_development_pilot_is_zero_api" time="11.462" /></testsuite></testsuites>
