<?xml version="1.0" encoding="utf-8"?><testsuites name="pytest tests"><testsuite name="pytest" errors="0" failures="0" skipped="0" tests="59" time="95.173" timestamp="2026-07-29T08:49:13.959060+07:00" hostname="SnailCute"><testcase classname="v1.tests.test_architecture_boundaries" name="test_runtime_has_no_producer_internal_or_network_imports" time="0.060" /><testcase classname="v1.tests.test_architecture_boundaries" name="test_release_reports_are_self_hashed" time="0.006" /><testcase classname="v1.tests.test_authority_and_input" name="test_authority_accepts_canonical_published_receipt_only" time="0.258" /><testcase classname="v1.tests.test_authority_and_input" name="test_strict_json_rejects_ambiguous_inputs[{&quot;schema_id&quot;:&quot;A&quot;,&quot;schema_id&quot;:&quot;B&quot;}-duplicate JSON key]" time="0.006" /><testcase classname="v1.tests.test_authority_and_input" name="test_strict_json_rejects_ambiguous_inputs[{&quot;schema_id&quot;:&quot;A&quot;,&quot;value&quot;:NaN}-non-finite JSON number]" time="0.008" /><testcase classname="v1.tests.test_authority_and_input" name="test_strict_json_rejects_ambiguous_inputs[{&quot;schema_id&quot;:&quot;A&quot;} trailing-Extra data]" time="0.019" /><testcase classname="v1.tests.test_authority_and_input" name="test_assembler_rejects_exact_join_mismatch" time="0.002" /><testcase classname="v1.tests.test_authority_and_input" name="test_collision_index_is_required_and_physically_bound" time="0.009" /><testcase classname="v1.tests.test_authority_and_input" name="test_run_config_rejects_unsafe_id_and_time_order" time="0.001" /><testcase classname="v1.tests.test_cli" name="test_cli_development_run_and_replay" time="2.521" /><testcase classname="v1.tests.test_cli" name="test_cli_assembles_exact_global_input" time="0.620" /><testcase classname="v1.tests.test_cli" name="test_cli_frozen_bundle_and_decision_verification" time="4.743" /><testcase classname="v1.tests.test_cli" name="test_cli_maps_schema_errors_to_exit_code_two" time="0.351" /><testcase classname="v1.tests.test_engine_certificate_replay" name="test_development_run_is_provisional_certificate_free_and_replayable" time="2.602" /><testcase classname="v1.tests.test_engine_certificate_replay" name="test_contract_example_calibration_requires_explicit_test_mode" time="0.005" /><testcase classname="v1.tests.test_engine_certificate_replay" name="test_frozen_production_requires_reviewed_calibration_pin" time="0.004" /><testcase classname="v1.tests.test_engine_certificate_replay" name="test_copied_example_calibration_remains_non_production" time="0.415" /><testcase classname="v1.tests.test_engine_certificate_replay" name="test_calibration_byte_tamper_fails_before_scoring" time="0.545" /><testcase classname="v1.tests.test_engine_certificate_replay" name="test_fixture_mode_rejects_resealed_nonfixture_calibration" time="0.639" /><testcase classname="v1.tests.test_engine_certificate_replay" name="test_frozen_fixture_score_certificate_bundle_and_replay" time="10.242" /><testcase classname="v1.tests.test_engine_certificate_replay" name="test_frozen_cap_provisional_still_emits_scope_limited_certificate" time="2.153" /><testcase classname="v1.tests.test_engine_certificate_replay" name="test_bundle_tamper_is_rejected" time="2.147" /><testcase classname="v1.tests.test_engine_certificate_replay" name="test_replay_rejects_maintainer_decision_tamper_reproduction" time="1.254" /><testcase classname="v1.tests.test_engine_certificate_replay" name="test_replay_rejects_gate_and_run_spec_byte_tamper[output/gate_result_set.json]" time="1.241" /><testcase classname="v1.tests.test_engine_certificate_replay" name="test_replay_rejects_gate_and_run_spec_byte_tamper[audit/run_spec.json]" time="1.060" /><testcase classname="v1.tests.test_engine_certificate_replay" name="test_replay_rejects_checksum_listing_tamper" time="1.161" /><testcase classname="v1.tests.test_engine_certificate_replay" name="test_replay_rejects_strict_json_tamper_even_with_refreshed_checksum" time="1.433" /><testcase classname="v1.tests.test_engine_certificate_replay" name="test_replay_rejects_rechecksummed_run_spec_binding_drift" time="3.724" /><testcase classname="v1.tests.test_engine_certificate_replay" name="test_replay_rejects_authority_byte_tamper_after_checksum_refresh" time="1.409" /><testcase classname="v1.tests.test_engine_certificate_replay" name="test_verify_decision_rejects_resealed_config_binding_drift[execution_config-execution_config_sha256 mismatch]" time="2.088" /><testcase classname="v1.tests.test_engine_certificate_replay" name="test_verify_decision_rejects_resealed_config_binding_drift[timestamps-run_metadata.started_at mismatch]" time="1.550" /><testcase classname="v1.tests.test_engine_certificate_replay" name="test_replay_uses_explicit_portable_authority_root" time="3.020" /><testcase classname="v1.tests.test_engine_certificate_replay" name="test_replay_rejects_resealed_action_policy_authority_drift" time="1.014" /><testcase classname="v1.tests.test_engine_certificate_replay" name="test_replay_rejects_rechecksummed_run_spec_authority_drift" time="1.087" /><testcase classname="v1.tests.test_engine_certificate_replay" name="test_replay_rejects_resealed_semantic_decision_drift" time="3.469" /><testcase classname="v1.tests.test_engine_certificate_replay" name="test_replay_rejects_resealed_gate_drift_against_recomputation" time="3.611" /><testcase classname="v1.tests.test_engine_certificate_replay" name="test_replay_verifies_resealed_certificate_bundle_before_semantic_replay" time="3.562" /><testcase classname="v1.tests.test_gates_and_decisions" name="test_gate_engine_emits_exact_registry_once" time="0.058" /><testcase classname="v1.tests.test_gates_and_decisions" name="test_sensitive_producer_signal_requires_direct_evidence_reference[context_evidence-concept_mismatch]" time="0.024" /><testcase classname="v1.tests.test_gates_and_decisions" name="test_sensitive_producer_signal_requires_direct_evidence_reference[context_evidence-wrong_sense]" time="0.021" /><testcase classname="v1.tests.test_gates_and_decisions" name="test_sensitive_producer_signal_requires_direct_evidence_reference[context_evidence-contradiction]" time="0.027" /><testcase classname="v1.tests.test_gates_and_decisions" name="test_sensitive_producer_signal_requires_direct_evidence_reference[context_evidence-judge_disagreement]" time="0.022" /><testcase classname="v1.tests.test_gates_and_decisions" name="test_sensitive_producer_signal_requires_direct_evidence_reference[context_evidence-missing_contrastive_context]" time="0.020" /><testcase classname="v1.tests.test_gates_and_decisions" name="test_sensitive_producer_signal_requires_direct_evidence_reference[context_evidence-incomplete_context_type_coverage]" time="0.018" /><testcase classname="v1.tests.test_gates_and_decisions" name="test_sensitive_producer_signal_requires_direct_evidence_reference[attestation_evidence-concept_mismatch]" time="0.021" /><testcase classname="v1.tests.test_gates_and_decisions" name="test_sensitive_producer_signal_requires_direct_evidence_reference[attestation_evidence-contradiction]" time="0.025" /><testcase classname="v1.tests.test_gates_and_decisions" name="test_sensitive_producer_signal_requires_direct_evidence_reference[attestation_evidence-judge_disagreement]" time="0.024" /><testcase classname="v1.tests.test_gates_and_decisions" name="test_nonfatal_context_signal_may_use_sealed_package_fallback" time="0.078" /><testcase classname="v1.tests.test_gates_and_decisions" name="test_every_registered_producer_signal_projects_without_loss[context_evidence-C]" time="0.471" /><testcase classname="v1.tests.test_gates_and_decisions" name="test_every_registered_producer_signal_projects_without_loss[attestation_evidence-E]" time="0.364" /><testcase classname="v1.tests.test_gates_and_decisions" name="test_constraint_fallback_refs_cover_unverified_unresolved_unjudgeable" time="0.057" /><testcase classname="v1.tests.test_gates_and_decisions" name="test_signal_registry_gap_fails_closed" time="0.022" /><testcase classname="v1.tests.test_gates_and_decisions" name="test_decision_precedence[actions0-PROVISIONAL]" time="0.002" /><testcase classname="v1.tests.test_gates_and_decisions" name="test_decision_precedence[actions1-HUMAN_REVIEW]" time="0.001" /><testcase classname="v1.tests.test_gates_and_decisions" name="test_decision_precedence[actions2-REJECTED]" time="0.002" /><testcase classname="v1.tests.test_gates_and_decisions" name="test_decision_precedence[actions3-SPLIT_REQUIRED]" time="0.001" /><testcase classname="v1.tests.test_gates_and_decisions" name="test_action_policy_rejects_forbidden_selection" time="0.011" /><testcase classname="v1.tests.test_gates_and_decisions" name="test_action_policy_rejects_alternate_allowed_selection" time="0.010" /><testcase classname="v1.tests.test_zero_api_integration" name="test_five_sense_fifteen_candidate_development_pilot_is_zero_api" time="35.688" /></testsuite></testsuites>